-20.648168619450118
-1.2584522159775524
-11.543017284153422
-16.30431660056368
15.282620135945471
-17.77389649168451
-11.162159302796283
11.820273484595848
-25.551205539111784
11.325695884477085
12.976510655187221
-28.522998044892397
-18.588592334473446
-4.325279027507355
-14.983404753129621
-19.105144551457197
-2.9121778630340733
-19.62667799991426
12.364709432734452
14.834001806003865
10.49004232886565
-22.26530662826779
14.462733149460945
10.94183490128801
-14.999999999999996
15.728258071842346
-3.3754865041887676
-13.153570743386451
-17.24309673723922
-3.907364932994163
