2020-09-21 14:16:22,591 - INFO - #####################################
2020-09-21 14:16:22,591 - INFO - ############Start Training###########
2020-09-21 14:16:22,592 - INFO - #####################################
2020-09-21 14:16:23,590 - INFO - Env 00, Goal (003.9, 006.2), Episode 00001, setp 084, Reward -20.6, Distance 008.8, Crashed
2020-09-21 14:16:24,616 - INFO - Env 00, Goal (001.9, -02.4), Episode 00002, setp 071, Reward -1.3 , Distance 010.0, 0
2020-09-21 15:16:04,295 - INFO - #####################################
2020-09-21 15:16:04,296 - INFO - ############Start Training###########
2020-09-21 15:16:04,296 - INFO - #####################################
2020-09-21 15:16:06,310 - INFO - Env 00, Goal (002.4, -07.1), Episode 00001, setp 152, Reward -11.5, Distance 008.7, Time out
2020-09-21 15:16:06,374 - INFO - Env 00, Goal (-01.4, 002.9), Episode 00002, setp 002, Reward -16.3, Distance 008.3, Crashed
2020-09-21 15:16:08,354 - INFO - Env 00, Goal (-01.5, -05.2), Episode 00003, setp 152, Reward 15.3 , Distance 009.8, Time out
2020-09-21 15:16:10,296 - INFO - Env 00, Goal (000.3, 006.4), Episode 00004, setp 152, Reward -17.8, Distance 008.5, Time out
2020-09-21 15:16:11,634 - INFO - Env 00, Goal (-02.5, -06.8), Episode 00005, setp 099, Reward -11.2, Distance 009.7, Crashed
2020-09-21 15:16:13,485 - INFO - Env 00, Goal (001.9, 003.9), Episode 00006, setp 152, Reward 11.8 , Distance 008.7, Time out
2020-09-21 15:16:14,845 - INFO - Env 00, Goal (002.8, 003.7), Episode 00007, setp 107, Reward -25.6, Distance 009.2, Crashed
2020-09-21 15:16:16,665 - INFO - Env 00, Goal (-08.9, -00.1), Episode 00008, setp 152, Reward 11.3 , Distance 009.9, Time out
2020-09-21 15:16:18,535 - INFO - Env 00, Goal (-04.1, 007.2), Episode 00009, setp 152, Reward 13.0 , Distance 008.2, Time out
2020-09-21 15:16:20,036 - INFO - Env 00, Goal (-05.1, -02.2), Episode 00010, setp 117, Reward -28.5, Distance 008.6, Crashed
2020-09-21 15:16:20,630 - INFO - Env 00, Goal (005.8, -04.7), Episode 00011, setp 045, Reward -18.6, Distance 008.0, Crashed
2020-09-21 15:16:21,785 - INFO - Env 00, Goal (003.7, 000.3), Episode 00012, setp 090, Reward -4.3 , Distance 008.7, Crashed
2020-09-21 15:16:22,256 - INFO - Env 00, Goal (002.7, -07.1), Episode 00013, setp 033, Reward -15.0, Distance 009.2, Crashed
2020-09-21 15:16:23,586 - INFO - Env 00, Goal (005.0, -01.7), Episode 00014, setp 107, Reward -19.1, Distance 008.7, Crashed
2020-09-21 15:16:25,566 - INFO - Env 00, Goal (-07.2, 005.3), Episode 00015, setp 152, Reward -2.9 , Distance 009.3, Time out
2020-09-21 15:16:26,027 - INFO - Env 00, Goal (-00.9, -05.3), Episode 00016, setp 032, Reward -19.6, Distance 009.7, Crashed
2020-09-21 15:16:27,855 - INFO - Env 00, Goal (001.2, -05.5), Episode 00017, setp 152, Reward 12.4 , Distance 008.8, Time out
2020-09-21 15:16:29,947 - INFO - Env 00, Goal (-03.2, 005.0), Episode 00018, setp 152, Reward 14.8 , Distance 008.8, Time out
2020-09-21 15:16:31,905 - INFO - Env 00, Goal (005.0, -04.1), Episode 00019, setp 152, Reward 10.5 , Distance 008.3, Time out
2020-09-21 15:16:32,928 - INFO - Env 00, Goal (-00.9, -02.8), Episode 00020, setp 076, Reward -22.3, Distance 008.1, Crashed
2020-09-21 15:16:34,814 - INFO - Env 00, Goal (-02.6, 007.6), Episode 00021, setp 152, Reward 14.5 , Distance 009.8, Time out
2020-09-21 15:16:36,758 - INFO - Env 00, Goal (-02.5, -04.9), Episode 00022, setp 152, Reward 10.9 , Distance 008.2, Time out
2020-09-21 15:16:36,836 - INFO - Env 00, Goal (-06.5, -00.7), Episode 00023, setp 002, Reward -15.0, Distance 009.0, Crashed
2020-09-21 15:16:38,734 - INFO - ########################## model saved when update 20 times#########################
2020-09-21 15:16:38,735 - INFO - Env 00, Goal (003.2, 000.0), Episode 00024, setp 152, Reward 15.7 , Distance 008.6, Time out
2020-09-21 15:16:40,509 - INFO - Env 00, Goal (005.3, 006.9), Episode 00025, setp 151, Reward -3.4 , Distance 009.8, Crashed
2020-09-21 15:16:41,786 - INFO - Env 00, Goal (-03.5, -07.5), Episode 00026, setp 099, Reward -13.2, Distance 009.1, Crashed
2020-09-21 15:16:43,726 - INFO - Env 00, Goal (-04.7, 005.7), Episode 00027, setp 152, Reward -17.2, Distance 009.1, Time out
2020-09-21 15:16:45,230 - INFO - Env 00, Goal (-03.2, 007.4), Episode 00028, setp 119, Reward -3.9 , Distance 009.9, Crashed
