-28.05192506165286
-24.2810511968437
-26.50697062116556
-23.62733575613815
-44.471453682968495
-42.87616608512093
-42.93111508848389
-40.65611403357788
-25.704840148549074
-26.7163732881163
13.567017492002725
-23.311339168576
-27.500092023276913
-25.872413659059205
-30.0
-30.0
-25.400434054062167
-44.26922546713978
-26.20177337813676
-42.16932717749381
-41.77546345829185
-42.80581458459159
-26.185349473238993
-23.237016564741346
-25.057269960648377
-24.70953737522941
-47.5
-52.14178859211351
-42.89722409423361
-42.8340290853705
-47.5
-47.5
-47.5
-47.5
-41.96932058937843
-53.42997378814789
-26.947628243781516
-50.8322376120408
-40.87911579222369
-26.608671994748917
-26.598217231298353
-25.249390012082586
-38.3613268972493
-29.134724319442174
-25.584893939021562
-38.211155003364254
-32.54298743499046
-35.7769563364358
-30.58024753000659
-37.82885021484076
-41.94318666839686
-30.0
-30.0
-30.0
-25.914112151654113
-30.0
-32.09305686000816
-30.0
-24.987895827351423
-30.0
-41.758694947328195
-43.91534739253076
-47.5
-43.28655036426623
-43.764702821648754
-25.38050436022098
-24.956345959454797
-27.08247229877574
-30.0
-47.5
-41.6243838710196
-42.791239578916006
-52.674043132206215
-38.90706930773903
-31.65781208218231
-30.011081286751402
-46.50606145346511
-34.96118417443411
-31.640709059168653
-38.64407250723583
-49.1141210824774
-38.94827498231734
-32.110477288011005
-47.5
-47.5
-43.60613829698272
-47.5
-47.5
-47.5
-47.5
-47.5
-42.9257036419274
-31.277777735628668
-30.0
-25.185830297083186
-27.66740852309903
-23.432596626796162
-27.227892921043058
-21.943576334144225
-23.81337415141289
-24.801342737756553
-47.5
-47.5
-42.5
-42.5
-38.6824116881951
-27.267671944685105
-43.80129581425763
-43.63895293385737
-42.74552719635227
-42.637280885659436
-30.0
-27.56655781875382
-26.76216436553254
-30.0
-26.210944128818422
-23.34462070562939
-30.0
-27.01532544057099
-30.0
-33.581685815987974
-41.636794197111996
-40.96321346304184
-38.22355820130845
-42.2775361897847
-47.5
-47.5
-47.5
-47.5
-37.98836341423758
-56.091706706625274
-47.611685559426135
-43.413688925490305
-52.185634260185395
-43.80946874501578
-29.83318997404311
-35.93829416766192
-34.42130384755176
-43.64723982905355
-47.5
-30.0
-30.0
-24.17863900752429
-23.893534647545827
-25.751551746780848
-23.097628078750752
-31.41892382502556
-24.19760975842512
-21.930799646224244
-38.48530052498981
-42.73028048477501
-47.5
-47.5
-30.155867481205057
-42.5
-36.51248784853588
-42.8928014697637
-42.5
-38.83478162640455
-30.0
-25.151090784418287
-30.0
-30.0
-23.94286319475614
-42.31305568172419
-42.053731534532886
-42.255303460633584
-40.71458064236201
-34.24848348853808
-16.696248376623466
-30.0
-22.826502982627154
-30.0
-52.675608124415824
-51.023286899314414
-58.91203516391734
-53.685299450236116
-47.350313680532125
-40.15373695783819
-50.173946657232236
-51.68753987941273
-45.71661808964312
-49.37428687156954
-22.600629588380503
-30.0
-23.34318471364948
-23.172089437793396
-23.17871592403972
-31.91740687644311
-45.0
-37.88821507106441
-45.011081286751406
-29.833000598923405
-44.99308253581148
-44.99308253581148
-45.0
-29.90009283258781
-30.011081286751402
-22.10256933101391
-30.0
-30.0
-19.713344175941767
-30.0
-30.0
-26.343437041121103
-26.135337037495468
-23.421257750419034
-47.5
-47.5
-42.69013667432654
-32.1612430395612
-43.09171847279681
-44.32180682060396
-47.5
-47.5
-30.0
-23.510312666969597
-23.58032124994953
-30.0
-24.10706860354567
-30.0
-30.0
-23.785571439976557
-21.193232990293154
-42.5
-36.87975153485965
-41.38298442017481
-40.29664285745958
-38.70041744207537
-20.829000850958167
-42.708239620306614
-42.81285998514048
-42.82209548601957
-42.828899291343504
-47.5
-47.5
-47.5
-47.5
-48.469314577951636
-41.722973941915846
-47.5
-42.83741077815201
-47.5
-19.682892278242388
-27.468464512993418
-26.069207919792664
-24.51142667416484
-21.23180117876468
-23.262475357653976
-23.425271750196107
-25.049725552065688
-26.45115726651317
-47.5
-43.78713192532699
-42.80422591267729
-47.5
-58.37365563797718
-51.75103806057632
-46.83681184630851
-44.71163144571982
-60.82620110067904
-45.58933151384953
-55.5386996870295
-51.45318986811765
-48.30651094355412
-49.155636555942095
-30.0
-26.43301440210558
-26.59573708068846
-30.0
-44.26563956668803
-43.68899462836198
-42.68323860136964
-47.5
-34.16993414044379
-39.198399894375655
-42.25813878051401
-39.189632843764485
-40.21431416280039
-21.669882784029603
-23.395384410686283
-24.907552108474327
-23.203297594130987
-25.508231122329157
-32.671158525266755
-42.5
-47.5
-41.096985210517566
-42.5
-26.059423772709
-42.97052645720719
-43.134891861308475
-47.5
-47.5
-45.011081286751406
-25.19680551567788
-37.52662688348789
-22.600799977793056
-39.58873791661776
-24.784558787383816
-11.461246090222438
-44.99308253581148
-30.011081286751402
-33.38121783754333
-30.0
-23.611177575109178
-30.0
-30.0
-24.586616996632017
-23.68903402045369
-19.120606002638716
-22.086727332586158
-24.453149389335458
-45.63007533218991
-39.112390954182246
-43.24611252663379
-47.5
-47.5
-49.26970552919616
-53.08158704540427
-54.24476160589855
-58.250354336344856
-43.42055513483163
-61.929572663929406
-49.86872571705493
-37.46136693601694
-48.230741645017076
-37.11929959421122
-47.5
-38.49442108706222
-42.83426262733205
-42.798446813705354
-30.0
-23.984539024173607
-25.75026279829701
-25.320415085650577
-25.953383445685212
-23.901077927939298
-28.04644405590691
-23.947554022607452
-30.0
-35.49975347429123
-42.5
-44.466856826137494
-37.89641622380924
-29.88693244353305
-34.435240362928226
-47.5
-39.02458574485901
-40.101345214142604
-41.45512568255916
-41.68187973495664
-30.0
-24.561264031281947
-26.480525071688174
-30.0
-47.5
-47.5
-42.622253718447126
-42.68673408323163
-42.76266699016453
-42.75368421685954
-47.5
-47.5
-42.071605230789615
-38.909589450159984
-45.13260728502162
-47.5
-40.91750880623697
-30.0
-24.71178041272544
-22.006383301446952
-26.558665592615164
-30.0
-28.204064412992853
-23.88847033122524
-23.599194885550414
-30.0
-43.3885914029857
-42.828114176393385
-47.5
-47.5
-25.086411688891182
-22.984753758580567
-26.368269899782415
-30.0
-42.60321682123214
-47.5
-42.88213917693348
-42.694614662369915
-23.242983666838985
-30.0
-23.95089134455388
-25.296070155654256
-47.425222466855686
-50.01570508122924
-46.726226957134706
-38.788282415058816
-52.81428501883387
-49.49214450342967
-32.69474729792897
-49.525600268681664
-47.96622720359614
-42.05367318196194
-42.917178650194465
-42.91459448597741
-47.5
-42.70246610046744
-42.5
-39.67325305830197
-33.468383846398325
-42.5
-42.19567320822945
-31.725221690285828
-32.14385506743786
-40.92265661601675
-25.894440124945945
-44.99308253581148
-52.62881950224447
-36.07399949831496
-35.25790571699506
-40.99377621398678
-42.1917622041819
-30.011081286751402
-34.63919999727113
-42.20434550830296
-43.04498166858983
-33.66594064857356
-27.433714178226463
-44.73923370197381
-47.5
-39.53911389020376
-47.5
-30.0
-30.0
-16.558479840654904
-27.312257538897057
-36.43171767648752
-39.88049029659539
-39.647208882546664
-47.5
-39.852153574874464
-42.5
-42.72513479051539
-47.5
-43.01168437758016
-47.5
-58.26402642849558
-38.798941395866166
-31.957537630784298
-39.210552094661324
-42.46639632429087
-48.814075642098366
-56.64442486092271
-40.20449985976413
-55.15181889767501
-45.68900326941752
-26.184811265929618
-30.0
-26.472129230800316
-22.035098644273816
-30.0
-30.0
-15.300348671720672
-30.0
-23.54967298105428
-42.7955227876007
-42.89844360986636
-42.635289352006225
-42.292677603389826
-47.5
-47.5
-47.5
-47.5
-33.72869711545237
-29.23750729773281
-47.5
-41.54498517161342
-47.5
-23.427414928100326
-22.94157298900825
-24.047722602639
-23.423845707092593
-25.948427460076964
-24.55837905538113
-22.729744645087482
-30.0
-30.0
-42.5
-42.5
-31.612841513032258
-47.5
-35.69087467592375
-45.854070870309506
-49.47224161105769
-40.87410331262047
-54.33151279043792
-58.36980236588897
-49.81367592627123
-57.40374566940942
-37.34194068779557
-51.06987848054403
-47.07702643037915
-48.41760379386306
-44.99308253581148
-45.0
-45.011081286751406
-44.99308253581148
-30.011081286751402
-45.011081286751406
-30.84691044567017
-45.011081286751406
-45.0
-42.093089497767394
-23.57254860158718
-23.30680083371226
-30.0
-30.0
-30.0
-42.05547522773671
-47.5
-40.1283605355768
-47.5
-47.5
-32.90402464917227
-42.6020522640472
-43.00729611067313
-42.86509067339665
-47.5
-47.5
-47.5
-42.71496964846882
-30.0
-23.846849204209445
-26.36416105821762
-16.73095732896311
-30.0
-23.38748496084374
-23.484650646363093
-24.37261471662304
-25.073012068380443
-39.01268431714885
-34.45008808895254
-47.5
-32.2639768995978
-47.5
-37.74657316081
-42.5
-42.5
-41.96371866904891
-27.434335728157087
-47.5
-19.359038852173057
-26.80613145050605
-16.801353316874504
-30.0
-42.72578002336407
-42.71069284708416
-30.075860966184177
-47.5
-24.079669968823648
-26.67047621751702
-24.016804891221845
-30.0
-30.0
-41.83995592930552
-50.473165826379635
-61.51448835714062
-40.009903410885315
-41.952943079438356
-53.53342194559382
-41.613951713216125
-32.40416777156027
-43.07624099407026
-36.977996472426916
-30.0
-24.200738382574627
-30.0
-26.49609207393475
-42.73443286621274
-42.83008859208133
-40.93546574844042
-47.5
-23.857378229539762
-18.977179931757362
-16.499055259629625
-30.0
-30.0
-27.43053610347252
-30.0
-23.286979022547392
-35.380814944759976
-34.303852526392994
-36.20973994857874
-34.941719300440994
-39.789264230619665
-31.050985977486466
-38.8553568264672
-33.14583243331549
-30.66366690618915
-30.011081286751402
-34.07933065241309
-30.0
-30.0
-26.123710963543644
-30.0
-47.5
-32.26451813469247
-37.302960316618226
-28.386754886320873
-42.5
-39.83672106624393
-44.04039715669263
-33.454129416011114
-42.901560391973256
-47.5
-41.26803955461453
-35.63059188997987
-41.860422202703525
-41.868183239026834
-22.84867881713105
-47.5
-47.5
-47.5
-42.84053011367233
-26.04287269037618
-21.834563188928527
-25.354117306172675
-20.66042773368074
-42.5
-32.496029665814284
-27.32841154216267
-47.5
-32.83747087816762
-42.5
-46.26522894170697
-46.457733319475196
-42.73112752676478
-47.5
-21.457111750706737
-30.0
-26.462907151356575
-18.21441517887668
-50.48988428067221
-38.911224576696526
-53.1520627540235
-38.279113361395886
-39.20645210915854
-22.25585362742872
-34.900192045922324
-51.6356400741749
-39.67284941594792
-40.80453518287282
-32.99540048714234
-30.0
13.111090448923925
-23.81306002571189
-30.0
-41.686029729446645
-47.5
-40.28155743816071
-47.5
-47.5
-47.5
-42.141970588149576
-47.5
-47.5
-24.785943813703256
-26.46714081772787
-28.005210806965604
-23.23454663607931
-25.328753237416983
-22.01824032887027
-18.499586745941905
-30.0
-26.460136214151948
-45.0
-45.011081286751406
-45.011081286751406
-44.99308253581148
-44.99308253581148
-44.99308253581148
-43.236393794180515
-30.668184610400125
-43.891924005905075
-30.011081286751402
-30.0
-23.274955069345275
-30.0
-30.0
-24.652526690062857
-30.0
-30.0
-53.11498906010185
-42.679462157681726
-47.83270720751606
-26.983791570536205
-46.517812823599066
-26.148948185271422
-30.0
-43.13826806015011
-47.88156129115295
-48.4203481095964
-49.63815173036914
-46.52498579960886
-25.485867485807965
-25.579835850014973
-27.6106739904942
-21.986428414392513
-38.17440880481887
-47.5
13.616734504351772
-28.533986874422016
-32.4485992740325
-27.011891329248275
-23.491642431229813
-23.36890133896387
-23.278538118792145
-26.94287395939714
-23.21260501905529
-47.5
-34.70879481583909
-40.952629652525246
-34.308241506237124
-42.038825950429796
-30.0
-21.556923402906328
-21.776090433854396
-30.0
-30.0
-23.488588071703425
-30.0
-24.552972129170726
-23.76902900631698
-48.774651707857075
-48.1234706429159
-58.94051313900034
-54.129556742070946
-49.05288978491412
-50.75124820374641
-43.19035161675764
-52.905543575772946
-48.10797966684977
-49.74690648274414
-42.59950095480201
-18.25397585052979
-42.88974794959621
-42.71671551062448
-47.5
-47.5
-47.5
-47.5
