2020-09-29 22:23:28,993 - INFO - #####################################
2020-09-29 22:23:29,015 - INFO - ############Start Training###########
2020-09-29 22:23:29,015 - INFO - #####################################
2020-09-29 22:23:44,426 - INFO - Env 16, Goal (005.5, -02.5), Episode 00000, setp 029, Reward -26.5, Crashed,
2020-09-29 22:23:44,426 - INFO - Env 18, Goal (-00.5, -02.5), Episode 00000, setp 012, Reward -28.1, Crashed,
2020-09-29 22:23:44,436 - INFO - Env 17, Goal (-02.5, -02.5), Episode 00000, setp 025, Reward -24.3, Crashed,
2020-09-29 22:23:44,461 - INFO - Env 15, Goal (003.5, -02.5), Episode 00000, setp 045, Reward -23.6, Crashed,
2020-09-29 22:23:46,704 - INFO - Env 08, Goal (003.0, 003.0), Episode 00000, setp 017, Reward -42.9, Crashed,
2020-09-29 22:23:46,704 - INFO - Env 09, Goal (005.0, 003.0), Episode 00000, setp 035, Reward -44.5, Crashed,
2020-09-29 22:23:46,710 - INFO - Env 06, Goal (-02.0, 003.0), Episode 00000, setp 042, Reward -42.9, Crashed,
2020-09-29 22:23:46,729 - INFO - Env 07, Goal (000.0, 003.0), Episode 00000, setp 050, Reward -40.7, Crashed,
2020-09-29 22:23:54,382 - INFO - Env 10, Goal (010.0, 010.0), Episode 00000, setp 017, Reward -26.7, Crashed,
2020-09-29 22:23:54,382 - INFO - Env 11, Goal (012.0, 010.0), Episode 00000, setp 018, Reward -25.7, Crashed,
2020-09-29 22:23:54,387 - INFO - Env 12, Goal (014.0, 010.0), Episode 00000, setp 077, Reward 13.6 , Reach Goal,
2020-09-29 22:23:54,387 - INFO - Env 13, Goal (016.0, 010.0), Episode 00000, setp 036, Reward -23.3, Crashed,
2020-09-29 22:23:54,395 - INFO - Env 14, Goal (018.0, 010.0), Episode 00000, setp 022, Reward -27.5, Crashed,
2020-09-29 22:23:55,419 - INFO - Env 16, Goal (005.5, -02.5), Episode 00001, setp 031, Reward -25.9, Crashed,
2020-09-29 22:23:55,423 - INFO - Env 17, Goal (-02.5, -02.5), Episode 00001, setp 001, Reward -30.0, Crashed,
2020-09-29 22:23:55,424 - INFO - Env 18, Goal (-00.5, -02.5), Episode 00001, setp 001, Reward -30.0, Crashed,
2020-09-29 22:23:55,427 - INFO - Env 15, Goal (003.5, -02.5), Episode 00001, setp 035, Reward -25.4, Crashed,
2020-09-29 22:24:02,474 - INFO - Env 20, Goal (-00.5, -05.5), Episode 00000, setp 022, Reward -44.3, Crashed,
2020-09-29 22:24:02,475 - INFO - Env 21, Goal (001.5, -05.5), Episode 00000, setp 104, Reward -26.2, Crashed,
2020-09-29 22:24:02,479 - INFO - Env 22, Goal (003.5, -05.5), Episode 00000, setp 055, Reward -42.2, Crashed,
2020-09-29 22:24:02,481 - INFO - Env 23, Goal (005.5, -05.5), Episode 00000, setp 084, Reward -41.8, Crashed,
2020-09-29 22:24:02,492 - INFO - Env 19, Goal (-02.5, -05.5), Episode 00000, setp 015, Reward -42.8, Crashed,
2020-09-29 22:24:11,944 - INFO - Env 16, Goal (005.5, -02.5), Episode 00002, setp 024, Reward -26.2, Crashed,
2020-09-29 22:24:11,946 - INFO - Env 18, Goal (-00.5, -02.5), Episode 00002, setp 052, Reward -23.2, Crashed,
2020-09-29 22:24:11,966 - INFO - Env 17, Goal (-02.5, -02.5), Episode 00002, setp 023, Reward -25.1, Crashed,
2020-09-29 22:24:11,987 - INFO - Env 15, Goal (003.5, -02.5), Episode 00002, setp 042, Reward -24.7, Crashed,
2020-09-29 22:24:13,938 - INFO - Env 08, Goal (003.0, 003.0), Episode 00001, setp 001, Reward -47.5, Crashed,
2020-09-29 22:24:13,947 - INFO - Env 09, Goal (005.0, 003.0), Episode 00001, setp 088, Reward -52.1, Crashed,
2020-09-29 22:24:13,948 - INFO - Env 06, Goal (-02.0, 003.0), Episode 00001, setp 031, Reward -42.9, Crashed,
2020-09-29 22:24:13,948 - INFO - Env 07, Goal (000.0, 003.0), Episode 00001, setp 027, Reward -42.8, Crashed,
2020-09-29 22:24:16,364 - INFO - Env 22, Goal (003.5, -05.5), Episode 00001, setp 001, Reward -47.5, Crashed,
2020-09-29 22:24:16,364 - INFO - Env 20, Goal (-00.5, -05.5), Episode 00001, setp 001, Reward -47.5, Crashed,
2020-09-29 22:24:16,364 - INFO - Env 23, Goal (005.5, -05.5), Episode 00001, setp 001, Reward -47.5, Crashed,
2020-09-29 22:24:16,364 - INFO - Env 21, Goal (001.5, -05.5), Episode 00001, setp 001, Reward -47.5, Crashed,
2020-09-29 22:24:16,366 - INFO - Env 19, Goal (-02.5, -05.5), Episode 00001, setp 041, Reward -42.0, Crashed,
2020-09-29 22:24:16,975 - INFO - Env 34, Goal (011.6, -04.2), Episode 00000, setp 147, Reward -53.4, Crashed,
2020-09-29 22:24:16,979 - INFO - Env 35, Goal (014.8, -13.5), Episode 00000, setp 126, Reward -26.9, Crashed,
2020-09-29 22:24:16,979 - INFO - Env 40, Goal (017.1, -15.2), Episode 00000, setp 071, Reward -50.8, Crashed,
2020-09-29 22:24:16,983 - INFO - Env 37, Goal (016.9, -15.8), Episode 00000, setp 092, Reward -25.2, Crashed,
2020-09-29 22:24:16,983 - INFO - Env 36, Goal (018.8, -14.9), Episode 00000, setp 117, Reward -26.6, Crashed,
2020-09-29 22:24:16,983 - INFO - Env 38, Goal (009.5, -17.3), Episode 00000, setp 040, Reward -40.9, Crashed,
2020-09-29 22:24:16,984 - INFO - Env 41, Goal (016.1, -02.5), Episode 00000, setp 055, Reward -26.6, Crashed,
2020-09-29 22:24:16,996 - INFO - Env 39, Goal (017.0, -01.4), Episode 00000, setp 027, Reward -38.4, Crashed,
2020-09-29 22:24:17,023 - INFO - Env 43, Goal (015.4, -04.2), Episode 00000, setp 052, Reward -25.6, Crashed,
2020-09-29 22:24:17,023 - INFO - Env 42, Goal (011.3, -02.9), Episode 00000, setp 059, Reward -29.1, Crashed,
2020-09-29 22:24:20,237 - INFO - Env 00, Goal (-18.0, 011.5), Episode 00000, setp 067, Reward -32.5, Crashed,
2020-09-29 22:24:20,237 - INFO - Env 02, Goal (-07.0, 011.5), Episode 00000, setp 015, Reward -38.2, Crashed,
2020-09-29 22:24:20,247 - INFO - Env 03, Goal (-07.0, 009.5), Episode 00000, setp 033, Reward -35.8, Crashed,
2020-09-29 22:24:20,237 - INFO - Env 01, Goal (-18.0, 009.5), Episode 00000, setp 159, Reward -30.6, Crashed,
2020-09-29 22:24:20,248 - INFO - Env 05, Goal (-12.5, 017.0), Episode 00000, setp 059, Reward -37.8, Crashed,
2020-09-29 22:24:20,238 - INFO - Env 04, Goal (-12.5, 004.0), Episode 00000, setp 022, Reward -41.9, Crashed,
2020-09-29 22:24:21,553 - INFO - Env 16, Goal (005.5, -02.5), Episode 00003, setp 001, Reward -30.0, Crashed,
2020-09-29 22:24:21,557 - INFO - Env 17, Goal (-02.5, -02.5), Episode 00003, setp 001, Reward -30.0, Crashed,
2020-09-29 22:24:21,559 - INFO - Env 18, Goal (-00.5, -02.5), Episode 00003, setp 001, Reward -30.0, Crashed,
2020-09-29 22:24:21,575 - INFO - Env 15, Goal (003.5, -02.5), Episode 00003, setp 033, Reward -25.9, Crashed,
2020-09-29 22:24:24,179 - INFO - Env 10, Goal (010.0, 010.0), Episode 00001, setp 001, Reward -30.0, Crashed,
2020-09-29 22:24:24,181 - INFO - Env 14, Goal (018.0, 010.0), Episode 00001, setp 001, Reward -30.0, Crashed,
2020-09-29 22:24:24,181 - INFO - Env 12, Goal (014.0, 010.0), Episode 00001, setp 098, Reward -32.1, Crashed,
2020-09-29 22:24:24,187 - INFO - Env 11, Goal (012.0, 010.0), Episode 00001, setp 001, Reward -30.0, Crashed,
2020-09-29 22:24:24,191 - INFO - Env 13, Goal (016.0, 010.0), Episode 00001, setp 072, Reward -25.0, Crashed,
2020-09-29 22:24:26,129 - INFO - Env 22, Goal (003.5, -05.5), Episode 00002, setp 017, Reward -43.9, Crashed,
2020-09-29 22:24:26,129 - INFO - Env 20, Goal (-00.5, -05.5), Episode 00002, setp 031, Reward -41.8, Crashed,
2020-09-29 22:24:26,130 - INFO - Env 19, Goal (-02.5, -05.5), Episode 00002, setp 001, Reward -47.5, Crashed,
2020-09-29 22:24:26,139 - INFO - Env 23, Goal (005.5, -05.5), Episode 00002, setp 022, Reward -43.3, Crashed,
2020-09-29 22:24:26,143 - INFO - Env 21, Goal (001.5, -05.5), Episode 00002, setp 037, Reward -43.8, Crashed,
2020-09-29 22:24:28,010 - INFO - Env 16, Goal (005.5, -02.5), Episode 00004, setp 025, Reward -25.0, Crashed,
2020-09-29 22:24:28,010 - INFO - Env 17, Goal (-02.5, -02.5), Episode 00004, setp 019, Reward -25.4, Crashed,
2020-09-29 22:24:28,011 - INFO - Env 18, Goal (-00.5, -02.5), Episode 00004, setp 022, Reward -27.1, Crashed,
2020-09-29 22:24:28,016 - INFO - Env 15, Goal (003.5, -02.5), Episode 00004, setp 001, Reward -30.0, Crashed,
2020-09-29 22:24:30,370 - INFO - Env 08, Goal (003.0, 003.0), Episode 00002, setp 062, Reward -52.7, Crashed,
2020-09-29 22:24:30,370 - INFO - Env 09, Goal (005.0, 003.0), Episode 00002, setp 001, Reward -47.5, Crashed,
2020-09-29 22:24:30,371 - INFO - Env 06, Goal (-02.0, 003.0), Episode 00002, setp 032, Reward -42.8, Crashed,
2020-09-29 22:24:30,371 - INFO - Env 07, Goal (000.0, 003.0), Episode 00002, setp 045, Reward -41.6, Crashed,
2020-09-29 22:24:30,716 - INFO - Env 24, Goal (-18.0, -10.0), Episode 00000, setp 025, Reward -38.9, Crashed,
2020-09-29 22:24:30,717 - INFO - Env 28, Goal (-07.2, -13.5), Episode 00000, setp 179, Reward -31.7, Crashed,
2020-09-29 22:24:30,719 - INFO - Env 31, Goal (-10.2, -04.3), Episode 00000, setp 201, Reward -30.0, Time out,
2020-09-29 22:24:30,719 - INFO - Env 25, Goal (-16.9, -13.5), Episode 00000, setp 194, Reward -46.5, Crashed,
2020-09-29 22:24:30,719 - INFO - Env 30, Goal (-07.2, -06.5), Episode 00000, setp 201, Reward -35.0, Time out,
2020-09-29 22:24:30,720 - INFO - Env 26, Goal (-13.8, -15.7), Episode 00000, setp 114, Reward -31.6, Crashed,
2020-09-29 22:24:30,720 - INFO - Env 27, Goal (-10.2, -15.7), Episode 00000, setp 128, Reward -49.1, Crashed,
2020-09-29 22:24:30,722 - INFO - Env 32, Goal (-13.8, -04.3), Episode 00000, setp 074, Reward -38.6, Crashed,
2020-09-29 22:24:30,728 - INFO - Env 33, Goal (-16.9, -06.5), Episode 00000, setp 024, Reward -38.9, Crashed,
2020-09-29 22:24:30,747 - INFO - Env 29, Goal (-06.0, -10.0), Episode 00000, setp 198, Reward -32.1, Crashed,
2020-09-29 22:24:32,637 - INFO - Env 21, Goal (001.5, -05.5), Episode 00003, setp 001, Reward -47.5, Crashed,
2020-09-29 22:24:32,637 - INFO - Env 20, Goal (-00.5, -05.5), Episode 00003, setp 001, Reward -47.5, Crashed,
2020-09-29 22:24:32,647 - INFO - Env 19, Goal (-02.5, -05.5), Episode 00003, setp 027, Reward -43.6, Crashed,
2020-09-29 22:24:32,656 - INFO - Env 22, Goal (003.5, -05.5), Episode 00003, setp 001, Reward -47.5, Crashed,
2020-09-29 22:24:32,656 - INFO - Env 23, Goal (005.5, -05.5), Episode 00003, setp 001, Reward -47.5, Crashed,
2020-09-29 22:24:34,569 - INFO - Env 06, Goal (-02.0, 003.0), Episode 00003, setp 001, Reward -47.5, Crashed,
2020-09-29 22:24:34,571 - INFO - Env 08, Goal (003.0, 003.0), Episode 00003, setp 001, Reward -47.5, Crashed,
2020-09-29 22:24:34,579 - INFO - Env 07, Goal (000.0, 003.0), Episode 00003, setp 001, Reward -47.5, Crashed,
2020-09-29 22:24:34,579 - INFO - Env 09, Goal (005.0, 003.0), Episode 00003, setp 017, Reward -42.9, Crashed,
2020-09-29 22:24:42,087 - INFO - Env 10, Goal (010.0, 010.0), Episode 00002, setp 067, Reward -31.3, Crashed,
2020-09-29 22:24:42,095 - INFO - Env 12, Goal (014.0, 010.0), Episode 00002, setp 001, Reward -30.0, Crashed,
2020-09-29 22:24:42,096 - INFO - Env 14, Goal (018.0, 010.0), Episode 00002, setp 033, Reward -25.2, Crashed,
2020-09-29 22:24:42,100 - INFO - Env 11, Goal (012.0, 010.0), Episode 00002, setp 018, Reward -27.7, Crashed,
2020-09-29 22:24:42,109 - INFO - Env 13, Goal (016.0, 010.0), Episode 00002, setp 033, Reward -23.4, Crashed,
2020-09-29 22:24:42,675 - INFO - Env 16, Goal (005.5, -02.5), Episode 00005, setp 025, Reward -27.2, Crashed,
2020-09-29 22:24:42,680 - INFO - Env 18, Goal (-00.5, -02.5), Episode 00005, setp 053, Reward -21.9, Crashed,
2020-09-29 22:24:42,680 - INFO - Env 17, Goal (-02.5, -02.5), Episode 00005, setp 021, Reward -23.8, Crashed,
2020-09-29 22:24:42,687 - INFO - Env 15, Goal (003.5, -02.5), Episode 00005, setp 043, Reward -24.8, Crashed,
2020-09-29 22:24:44,160 - INFO - Env 00, Goal (-18.0, 011.5), Episode 00001, setp 001, Reward -42.5, Crashed,
2020-09-29 22:24:44,161 - INFO - Env 04, Goal (-12.5, 004.0), Episode 00001, setp 001, Reward -47.5, Crashed,
2020-09-29 22:24:44,161 - INFO - Env 05, Goal (-12.5, 017.0), Episode 00001, setp 001, Reward -47.5, Crashed,
2020-09-29 22:24:44,161 - INFO - Env 01, Goal (-18.0, 009.5), Episode 00001, setp 001, Reward -42.5, Crashed,
2020-09-29 22:24:44,195 - INFO - Env 03, Goal (-07.0, 009.5), Episode 00001, setp 016, Reward -38.7, Crashed,
2020-09-29 22:24:44,195 - INFO - Env 02, Goal (-07.0, 011.5), Episode 00001, setp 088, Reward -27.3, Crashed,
2020-09-29 22:24:49,055 - INFO - Env 08, Goal (003.0, 003.0), Episode 00004, setp 042, Reward -43.8, Crashed,
2020-09-29 22:24:49,060 - INFO - Env 09, Goal (005.0, 003.0), Episode 00004, setp 031, Reward -43.6, Crashed,
2020-09-29 22:24:49,066 - INFO - Env 06, Goal (-02.0, 003.0), Episode 00004, setp 033, Reward -42.7, Crashed,
2020-09-29 22:24:49,080 - INFO - Env 07, Goal (000.0, 003.0), Episode 00004, setp 024, Reward -42.6, Crashed,
2020-09-29 22:24:52,961 - INFO - Env 16, Goal (005.5, -02.5), Episode 00006, setp 031, Reward -26.8, Crashed,
2020-09-29 22:24:52,961 - INFO - Env 18, Goal (-00.5, -02.5), Episode 00006, setp 001, Reward -30.0, Crashed,
2020-09-29 22:24:52,961 - INFO - Env 17, Goal (-02.5, -02.5), Episode 00006, setp 015, Reward -27.6, Crashed,
2020-09-29 22:24:52,984 - INFO - Env 15, Goal (003.5, -02.5), Episode 00006, setp 001, Reward -30.0, Crashed,
2020-09-29 22:24:53,780 - INFO - Env 10, Goal (010.0, 010.0), Episode 00003, setp 036, Reward -23.3, Crashed,
2020-09-29 22:24:53,780 - INFO - Env 11, Goal (012.0, 010.0), Episode 00003, setp 028, Reward -26.2, Crashed,
2020-09-29 22:24:53,785 - INFO - Env 13, Goal (016.0, 010.0), Episode 00003, setp 001, Reward -30.0, Crashed,
2020-09-29 22:24:53,785 - INFO - Env 12, Goal (014.0, 010.0), Episode 00003, setp 025, Reward -27.0, Crashed,
2020-09-29 22:24:53,788 - INFO - Env 14, Goal (018.0, 010.0), Episode 00003, setp 001, Reward -30.0, Crashed,
2020-09-29 22:24:59,003 - INFO - Env 20, Goal (-00.5, -05.5), Episode 00004, setp 087, Reward -33.6, Crashed,
2020-09-29 22:24:59,007 - INFO - Env 22, Goal (003.5, -05.5), Episode 00004, setp 051, Reward -41.0, Crashed,
2020-09-29 22:24:59,007 - INFO - Env 23, Goal (005.5, -05.5), Episode 00004, setp 051, Reward -41.6, Crashed,
2020-09-29 22:24:59,011 - INFO - Env 19, Goal (-02.5, -05.5), Episode 00004, setp 055, Reward -38.2, Crashed,
2020-09-29 22:24:59,012 - INFO - Env 21, Goal (001.5, -05.5), Episode 00004, setp 064, Reward -42.3, Crashed,
2020-09-29 22:24:59,572 - INFO - Env 20, Goal (-00.5, -05.5), Episode 00005, setp 001, Reward -47.5, Crashed,
2020-09-29 22:24:59,576 - INFO - Env 19, Goal (-02.5, -05.5), Episode 00005, setp 001, Reward -47.5, Crashed,
2020-09-29 22:24:59,579 - INFO - Env 21, Goal (001.5, -05.5), Episode 00005, setp 001, Reward -47.5, Crashed,
2020-09-29 22:24:59,583 - INFO - Env 22, Goal (003.5, -05.5), Episode 00005, setp 001, Reward -47.5, Crashed,
2020-09-29 22:24:59,583 - INFO - Env 37, Goal (009.7, -04.9), Episode 00001, setp 113, Reward -35.9, Crashed,
2020-09-29 22:24:59,583 - INFO - Env 42, Goal (018.7, -15.6), Episode 00001, setp 001, Reward -38.0, Crashed,
2020-09-29 22:24:59,583 - INFO - Env 40, Goal (014.0, -01.7), Episode 00001, setp 001, Reward -56.1, Crashed,
2020-09-29 22:24:59,584 - INFO - Env 36, Goal (012.5, -16.7), Episode 00001, setp 013, Reward -47.6, Crashed,
2020-09-29 22:24:59,584 - INFO - Env 38, Goal (016.0, -13.3), Episode 00001, setp 012, Reward -43.4, Crashed,
2020-09-29 22:24:59,584 - INFO - Env 34, Goal (009.7, -16.6), Episode 00001, setp 001, Reward -52.2, Crashed,
2020-09-29 22:24:59,585 - INFO - Env 35, Goal (011.9, -04.9), Episode 00001, setp 001, Reward -43.8, Crashed,
2020-09-29 22:24:59,587 - INFO - Env 43, Goal (013.9, -04.5), Episode 00001, setp 150, Reward -29.8, Crashed,
2020-09-29 22:24:59,591 - INFO - Env 41, Goal (009.5, -16.6), Episode 00001, setp 002, Reward -34.4, Crashed,
2020-09-29 22:24:59,594 - INFO - Env 39, Goal (012.4, -04.8), Episode 00001, setp 002, Reward -43.6, Crashed,
2020-09-29 22:24:59,600 - INFO - Env 23, Goal (005.5, -05.5), Episode 00005, setp 001, Reward -47.5, Crashed,
2020-09-29 22:25:03,077 - INFO - Env 10, Goal (010.0, 010.0), Episode 00004, setp 001, Reward -30.0, Crashed,
2020-09-29 22:25:03,091 - INFO - Env 11, Goal (012.0, 010.0), Episode 00004, setp 001, Reward -30.0, Crashed,
2020-09-29 22:25:03,096 - INFO - Env 12, Goal (014.0, 010.0), Episode 00004, setp 030, Reward -24.2, Crashed,
2020-09-29 22:25:03,096 - INFO - Env 13, Goal (016.0, 010.0), Episode 00004, setp 029, Reward -23.9, Crashed,
2020-09-29 22:25:03,117 - INFO - Env 14, Goal (018.0, 010.0), Episode 00004, setp 026, Reward -25.8, Crashed,
2020-09-29 22:25:08,430 - INFO - Env 18, Goal (-00.5, -02.5), Episode 00007, setp 028, Reward -24.2, Crashed,
2020-09-29 22:25:08,430 - INFO - Env 16, Goal (005.5, -02.5), Episode 00007, setp 034, Reward -23.1, Crashed,
2020-09-29 22:25:08,435 - INFO - Env 17, Goal (-02.5, -02.5), Episode 00007, setp 001, Reward -31.4, Crashed,
2020-09-29 22:25:08,533 - INFO - Env 15, Goal (003.5, -02.5), Episode 00007, setp 049, Reward -21.9, Crashed,
2020-09-29 22:25:08,884 - INFO - Env 08, Goal (003.0, 003.0), Episode 00005, setp 065, Reward -38.5, Crashed,
2020-09-29 22:25:08,887 - INFO - Env 09, Goal (005.0, 003.0), Episode 00005, setp 024, Reward -42.7, Crashed,
2020-09-29 22:25:08,889 - INFO - Env 06, Goal (-02.0, 003.0), Episode 00005, setp 001, Reward -47.5, Crashed,
2020-09-29 22:25:08,892 - INFO - Env 07, Goal (000.0, 003.0), Episode 00005, setp 001, Reward -47.5, Crashed,
2020-09-29 22:25:12,813 - INFO - Env 00, Goal (-18.0, 011.5), Episode 00002, setp 089, Reward -30.2, Crashed,
2020-09-29 22:25:12,815 - INFO - Env 02, Goal (-07.0, 011.5), Episode 00002, setp 001, Reward -42.5, Crashed,
2020-09-29 22:25:12,816 - INFO - Env 04, Goal (-12.5, 004.0), Episode 00002, setp 048, Reward -36.5, Crashed,
2020-09-29 22:25:12,816 - INFO - Env 05, Goal (-12.5, 017.0), Episode 00002, setp 031, Reward -42.9, Crashed,
2020-09-29 22:25:12,822 - INFO - Env 03, Goal (-07.0, 009.5), Episode 00002, setp 001, Reward -42.5, Crashed,
2020-09-29 22:25:12,836 - INFO - Env 01, Goal (-18.0, 009.5), Episode 00002, setp 020, Reward -38.8, Crashed,
2020-09-29 22:25:19,143 - INFO - Env 10, Goal (010.0, 010.0), Episode 00005, setp 040, Reward -25.2, Crashed,
2020-09-29 22:25:19,143 - INFO - Env 12, Goal (014.0, 010.0), Episode 00005, setp 001, Reward -30.0, Crashed,
2020-09-29 22:25:19,144 - INFO - Env 13, Goal (016.0, 010.0), Episode 00005, setp 001, Reward -30.0, Crashed,
2020-09-29 22:25:19,145 - INFO - Env 14, Goal (018.0, 010.0), Episode 00005, setp 001, Reward -30.0, Crashed,
2020-09-29 22:25:19,159 - INFO - Env 11, Goal (012.0, 010.0), Episode 00005, setp 048, Reward -23.9, Crashed,
2020-09-29 22:25:21,050 - INFO - Env 19, Goal (-02.5, -05.5), Episode 00006, setp 041, Reward -42.3, Crashed,
2020-09-29 22:25:21,051 - INFO - Env 20, Goal (-00.5, -05.5), Episode 00006, setp 041, Reward -42.3, Crashed,
2020-09-29 22:25:21,051 - INFO - Env 22, Goal (003.5, -05.5), Episode 00006, setp 025, Reward -42.1, Crashed,
2020-09-29 22:25:21,060 - INFO - Env 21, Goal (001.5, -05.5), Episode 00006, setp 061, Reward -40.7, Crashed,
2020-09-29 22:25:21,077 - INFO - Env 23, Goal (005.5, -05.5), Episode 00006, setp 064, Reward -34.2, Crashed,
2020-09-29 22:25:27,868 - INFO - Env 16, Goal (005.5, -02.5), Episode 00008, setp 001, Reward -30.0, Crashed,
2020-09-29 22:25:27,867 - INFO - Env 18, Goal (-00.5, -02.5), Episode 00008, setp 057, Reward -16.7, Crashed,
2020-09-29 22:25:27,879 - INFO - Env 17, Goal (-02.5, -02.5), Episode 00008, setp 047, Reward -22.8, Crashed,
2020-09-29 22:25:27,915 - INFO - Env 15, Goal (003.5, -02.5), Episode 00008, setp 001, Reward -30.0, Crashed,
2020-09-29 22:25:31,313 - INFO - Env 34, Goal (018.2, -01.8), Episode 00002, setp 090, Reward -51.0, Crashed,
2020-09-29 22:25:31,313 - INFO - Env 35, Goal (016.9, -18.9), Episode 00002, setp 081, Reward -52.7, Crashed,
2020-09-29 22:25:31,320 - INFO - Env 36, Goal (010.0, -17.6), Episode 00002, setp 001, Reward -58.9, Crashed,
2020-09-29 22:25:31,321 - INFO - Env 37, Goal (017.6, -17.3), Episode 00002, setp 016, Reward -53.7, Crashed,
2020-09-29 22:25:31,325 - INFO - Env 38, Goal (014.4, -03.3), Episode 00002, setp 087, Reward -40.2, Crashed,
2020-09-29 22:25:31,325 - INFO - Env 39, Goal (012.3, -15.6), Episode 00002, setp 001, Reward -47.4, Crashed,
2020-09-29 22:25:31,327 - INFO - Env 40, Goal (009.7, -15.1), Episode 00002, setp 052, Reward -50.2, Crashed,
2020-09-29 22:25:31,334 - INFO - Env 41, Goal (018.8, -17.1), Episode 00002, setp 001, Reward -51.7, Crashed,
2020-09-29 22:25:31,336 - INFO - Env 42, Goal (018.4, -13.9), Episode 00002, setp 012, Reward -45.7, Crashed,
2020-09-29 22:25:31,339 - INFO - Env 43, Goal (015.2, -15.0), Episode 00002, setp 001, Reward -49.4, Crashed,
2020-09-29 22:25:34,143 - INFO - Env 10, Goal (010.0, 010.0), Episode 00006, setp 034, Reward -23.2, Crashed,
2020-09-29 22:25:34,145 - INFO - Env 12, Goal (014.0, 010.0), Episode 00006, setp 041, Reward -22.6, Crashed,
2020-09-29 22:25:34,151 - INFO - Env 11, Goal (012.0, 010.0), Episode 00006, setp 001, Reward -30.0, Crashed,
2020-09-29 22:25:34,153 - INFO - Env 13, Goal (016.0, 010.0), Episode 00006, setp 033, Reward -23.3, Crashed,
2020-09-29 22:25:34,156 - INFO - Env 14, Goal (018.0, 010.0), Episode 00006, setp 038, Reward -23.2, Crashed,
2020-09-29 22:25:35,636 - INFO - Env 32, Goal (-13.8, -04.3), Episode 00001, setp 075, Reward -31.9, Crashed,
2020-09-29 22:25:35,639 - INFO - Env 24, Goal (-18.0, -10.0), Episode 00001, setp 001, Reward -45.0, Crashed,
2020-09-29 22:25:35,641 - INFO - Env 25, Goal (-16.9, -13.5), Episode 00001, setp 092, Reward -37.9, Crashed,
2020-09-29 22:25:35,651 - INFO - Env 27, Goal (-10.2, -15.7), Episode 00001, setp 001, Reward -45.0, Crashed,
2020-09-29 22:25:35,651 - INFO - Env 26, Goal (-13.8, -15.7), Episode 00001, setp 065, Reward -29.8, Crashed,
2020-09-29 22:25:35,651 - INFO - Env 33, Goal (-16.9, -06.5), Episode 00001, setp 001, Reward -45.0, Crashed,
2020-09-29 22:25:35,659 - INFO - Env 28, Goal (-07.2, -13.5), Episode 00001, setp 001, Reward -45.0, Crashed,
2020-09-29 22:25:35,663 - INFO - Env 29, Goal (-06.0, -10.0), Episode 00001, setp 001, Reward -45.0, Crashed,
2020-09-29 22:25:35,671 - INFO - Env 30, Goal (-07.2, -06.5), Episode 00001, setp 078, Reward -29.9, Crashed,
2020-09-29 22:25:35,691 - INFO - Env 31, Goal (-10.2, -04.3), Episode 00001, setp 201, Reward -30.0, Time out,
2020-09-29 22:25:42,468 - INFO - Env 17, Goal (-02.5, -02.5), Episode 00009, setp 001, Reward -30.0, Crashed,
2020-09-29 22:25:42,468 - INFO - Env 16, Goal (005.5, -02.5), Episode 00009, setp 045, Reward -22.1, Crashed,
2020-09-29 22:25:42,482 - INFO - Env 18, Goal (-00.5, -02.5), Episode 00009, setp 001, Reward -30.0, Crashed,
2020-09-29 22:25:42,501 - INFO - Env 15, Goal (003.5, -02.5), Episode 00009, setp 041, Reward -19.7, Crashed,
2020-09-29 22:25:43,354 - INFO - Env 11, Goal (012.0, 010.0), Episode 00007, setp 025, Reward -26.1, Crashed,
2020-09-29 22:25:43,354 - INFO - Env 10, Goal (010.0, 010.0), Episode 00007, setp 001, Reward -30.0, Crashed,
2020-09-29 22:25:43,354 - INFO - Env 12, Goal (014.0, 010.0), Episode 00007, setp 021, Reward -26.3, Crashed,
2020-09-29 22:25:43,354 - INFO - Env 13, Goal (016.0, 010.0), Episode 00007, setp 001, Reward -30.0, Crashed,
2020-09-29 22:25:43,359 - INFO - Env 14, Goal (018.0, 010.0), Episode 00007, setp 031, Reward -23.4, Crashed,
2020-09-29 22:25:44,095 - INFO - Env 08, Goal (003.0, 003.0), Episode 00006, setp 001, Reward -47.5, Crashed,
2020-09-29 22:25:44,100 - INFO - Env 09, Goal (005.0, 003.0), Episode 00006, setp 001, Reward -47.5, Crashed,
2020-09-29 22:25:44,111 - INFO - Env 06, Goal (-02.0, 003.0), Episode 00006, setp 025, Reward -42.7, Crashed,
2020-09-29 22:25:44,117 - INFO - Env 07, Goal (000.0, 003.0), Episode 00006, setp 106, Reward -32.2, Crashed,
2020-09-29 22:25:48,981 - INFO - Env 08, Goal (003.0, 003.0), Episode 00007, setp 017, Reward -43.1, Crashed,
2020-09-29 22:25:48,985 - INFO - Env 09, Goal (005.0, 003.0), Episode 00007, setp 012, Reward -44.3, Crashed,
2020-09-29 22:25:48,986 - INFO - Env 07, Goal (000.0, 003.0), Episode 00007, setp 001, Reward -47.5, Crashed,
2020-09-29 22:25:48,986 - INFO - Env 06, Goal (-02.0, 003.0), Episode 00007, setp 001, Reward -47.5, Crashed,
2020-09-29 22:25:53,809 - INFO - Env 14, Goal (018.0, 010.0), Episode 00008, setp 035, Reward -23.5, Crashed,
2020-09-29 22:25:53,809 - INFO - Env 12, Goal (014.0, 010.0), Episode 00008, setp 001, Reward -30.0, Crashed,
2020-09-29 22:25:53,815 - INFO - Env 10, Goal (010.0, 010.0), Episode 00008, setp 029, Reward -23.6, Crashed,
2020-09-29 22:25:53,815 - INFO - Env 11, Goal (012.0, 010.0), Episode 00008, setp 001, Reward -30.0, Crashed,
2020-09-29 22:25:53,823 - INFO - Env 13, Goal (016.0, 010.0), Episode 00008, setp 031, Reward -24.1, Crashed,
2020-09-29 22:25:54,847 - INFO - Env 16, Goal (005.5, -02.5), Episode 00010, setp 001, Reward -30.0, Crashed,
2020-09-29 22:25:54,848 - INFO - Env 18, Goal (-00.5, -02.5), Episode 00010, setp 019, Reward -23.8, Crashed,
2020-09-29 22:25:54,849 - INFO - Env 15, Goal (003.5, -02.5), Episode 00010, setp 001, Reward -30.0, Crashed,
2020-09-29 22:25:54,871 - INFO - Env 17, Goal (-02.5, -02.5), Episode 00010, setp 041, Reward -21.2, Crashed,
2020-09-29 22:25:55,904 - INFO - Env 04, Goal (-12.5, 004.0), Episode 00003, setp 030, Reward -41.4, Crashed,
2020-09-29 22:25:55,904 - INFO - Env 00, Goal (-18.0, 011.5), Episode 00003, setp 001, Reward -42.5, Crashed,
2020-09-29 22:25:55,904 - INFO - Env 01, Goal (-18.0, 009.5), Episode 00003, setp 052, Reward -36.9, Crashed,
2020-09-29 22:25:55,915 - INFO - Env 02, Goal (-07.0, 011.5), Episode 00003, setp 015, Reward -40.3, Crashed,
2020-09-29 22:25:55,915 - INFO - Env 03, Goal (-07.0, 009.5), Episode 00003, setp 014, Reward -38.7, Crashed,
2020-09-29 22:25:55,922 - INFO - Env 05, Goal (-12.5, 017.0), Episode 00003, setp 134, Reward -20.8, Crashed,
2020-09-29 22:25:57,193 - INFO - Env 08, Goal (003.0, 003.0), Episode 00008, setp 028, Reward -42.8, Crashed,
2020-09-29 22:25:57,203 - INFO - Env 09, Goal (005.0, 003.0), Episode 00008, setp 024, Reward -42.7, Crashed,
2020-09-29 22:25:57,209 - INFO - Env 06, Goal (-02.0, 003.0), Episode 00008, setp 019, Reward -42.8, Crashed,
2020-09-29 22:25:57,221 - INFO - Env 07, Goal (000.0, 003.0), Episode 00008, setp 019, Reward -42.8, Crashed,
2020-09-29 22:25:57,841 - INFO - Env 21, Goal (001.5, -05.5), Episode 00007, setp 001, Reward -47.5, Crashed,
2020-09-29 22:25:57,841 - INFO - Env 20, Goal (-00.5, -05.5), Episode 00007, setp 001, Reward -47.5, Crashed,
2020-09-29 22:25:57,843 - INFO - Env 22, Goal (003.5, -05.5), Episode 00007, setp 001, Reward -47.5, Crashed,
2020-09-29 22:25:57,843 - INFO - Env 19, Goal (-02.5, -05.5), Episode 00007, setp 001, Reward -47.5, Crashed,
2020-09-29 22:25:57,850 - INFO - Env 23, Goal (005.5, -05.5), Episode 00007, setp 116, Reward -48.5, Crashed,
2020-09-29 22:26:07,264 - INFO - Env 08, Goal (003.0, 003.0), Episode 00009, setp 034, Reward -41.7, Crashed,
2020-09-29 22:26:07,279 - INFO - Env 06, Goal (-02.0, 003.0), Episode 00009, setp 001, Reward -47.5, Crashed,
2020-09-29 22:26:07,284 - INFO - Env 09, Goal (005.0, 003.0), Episode 00009, setp 026, Reward -42.8, Crashed,
2020-09-29 22:26:07,307 - INFO - Env 07, Goal (000.0, 003.0), Episode 00009, setp 001, Reward -47.5, Crashed,
2020-09-29 22:26:11,806 - INFO - Env 16, Goal (005.5, -02.5), Episode 00011, setp 053, Reward -19.7, Crashed,
2020-09-29 22:26:11,811 - INFO - Env 18, Goal (-00.5, -02.5), Episode 00011, setp 015, Reward -27.5, Crashed,
2020-09-29 22:26:11,812 - INFO - Env 17, Goal (-02.5, -02.5), Episode 00011, setp 027, Reward -26.1, Crashed,
2020-09-29 22:26:11,861 - INFO - Env 15, Goal (003.5, -02.5), Episode 00011, setp 044, Reward -24.5, Crashed,
2020-09-29 22:26:14,844 - INFO - Env 12, Goal (014.0, 010.0), Episode 00009, setp 056, Reward -21.2, Crashed,
2020-09-29 22:26:14,844 - INFO - Env 14, Goal (018.0, 010.0), Episode 00009, setp 033, Reward -23.3, Crashed,
2020-09-29 22:26:14,850 - INFO - Env 13, Goal (016.0, 010.0), Episode 00009, setp 041, Reward -23.4, Crashed,
2020-09-29 22:26:14,853 - INFO - Env 10, Goal (010.0, 010.0), Episode 00009, setp 020, Reward -25.0, Crashed,
2020-09-29 22:26:14,858 - INFO - Env 11, Goal (012.0, 010.0), Episode 00009, setp 064, Reward -26.5, Crashed,
2020-09-29 22:26:16,471 - INFO - Env 08, Goal (003.0, 003.0), Episode 00010, setp 001, Reward -47.5, Crashed,
2020-09-29 22:26:16,477 - INFO - Env 06, Goal (-02.0, 003.0), Episode 00010, setp 022, Reward -43.8, Crashed,
2020-09-29 22:26:16,486 - INFO - Env 07, Goal (000.0, 003.0), Episode 00010, setp 022, Reward -42.8, Crashed,
2020-09-29 22:26:16,491 - INFO - Env 09, Goal (005.0, 003.0), Episode 00010, setp 001, Reward -47.5, Crashed,
2020-09-29 22:26:18,240 - INFO - Env 34, Goal (009.9, -04.5), Episode 00003, setp 049, Reward -58.4, Crashed,
2020-09-29 22:26:18,240 - INFO - Env 35, Goal (015.0, -03.2), Episode 00003, setp 001, Reward -51.8, Crashed,
2020-09-29 22:26:18,243 - INFO - Env 40, Goal (016.2, -03.7), Episode 00003, setp 001, Reward -46.8, Crashed,
2020-09-29 22:26:18,243 - INFO - Env 41, Goal (011.3, -02.5), Episode 00003, setp 148, Reward -44.7, Crashed,
2020-09-29 22:26:18,261 - INFO - Env 36, Goal (012.6, -01.9), Episode 00003, setp 093, Reward -45.6, Crashed,
2020-09-29 22:26:18,261 - INFO - Env 38, Goal (009.4, -01.8), Episode 00003, setp 011, Reward -60.8, Crashed,
2020-09-29 22:26:18,271 - INFO - Env 42, Goal (011.9, -01.4), Episode 00003, setp 044, Reward -55.5, Crashed,
2020-09-29 22:26:18,272 - INFO - Env 43, Goal (015.9, -18.9), Episode 00003, setp 028, Reward -51.5, Crashed,
2020-09-29 22:26:18,276 - INFO - Env 37, Goal (016.5, -02.2), Episode 00003, setp 001, Reward -48.3, Crashed,
2020-09-29 22:26:18,279 - INFO - Env 39, Goal (018.1, -03.3), Episode 00003, setp 040, Reward -49.2, Crashed,
2020-09-29 22:26:21,904 - INFO - Env 16, Goal (005.5, -02.5), Episode 00012, setp 001, Reward -30.0, Crashed,
2020-09-29 22:26:21,907 - INFO - Env 18, Goal (-00.5, -02.5), Episode 00012, setp 027, Reward -26.4, Crashed,
2020-09-29 22:26:21,913 - INFO - Env 15, Goal (003.5, -02.5), Episode 00012, setp 016, Reward -26.6, Crashed,
2020-09-29 22:26:21,920 - INFO - Env 17, Goal (-02.5, -02.5), Episode 00012, setp 001, Reward -30.0, Crashed,
2020-09-29 22:26:27,504 - INFO - Env 08, Goal (003.0, 003.0), Episode 00011, setp 032, Reward -43.7, Crashed,
2020-09-29 22:26:27,504 - INFO - Env 09, Goal (005.0, 003.0), Episode 00011, setp 030, Reward -44.3, Crashed,
2020-09-29 22:26:27,509 - INFO - Env 07, Goal (000.0, 003.0), Episode 00011, setp 030, Reward -42.7, Crashed,
2020-09-29 22:26:27,510 - INFO - Env 06, Goal (-02.0, 003.0), Episode 00011, setp 001, Reward -47.5, Crashed,
2020-09-29 22:26:27,515 - INFO - Env 20, Goal (-00.5, -05.5), Episode 00008, setp 086, Reward -34.2, Crashed,
2020-09-29 22:26:27,515 - INFO - Env 21, Goal (001.5, -05.5), Episode 00008, setp 049, Reward -39.2, Crashed,
2020-09-29 22:26:27,520 - INFO - Env 22, Goal (003.5, -05.5), Episode 00008, setp 036, Reward -42.3, Crashed,
2020-09-29 22:26:27,533 - INFO - Env 23, Goal (005.5, -05.5), Episode 00008, setp 062, Reward -39.2, Crashed,
2020-09-29 22:26:27,534 - INFO - Env 19, Goal (-02.5, -05.5), Episode 00008, setp 032, Reward -40.2, Crashed,
2020-09-29 22:26:29,010 - INFO - Env 12, Goal (014.0, 010.0), Episode 00010, setp 041, Reward -21.7, Crashed,
2020-09-29 22:26:29,011 - INFO - Env 10, Goal (010.0, 010.0), Episode 00010, setp 036, Reward -23.4, Crashed,
2020-09-29 22:26:29,013 - INFO - Env 11, Goal (012.0, 010.0), Episode 00010, setp 032, Reward -24.9, Crashed,
2020-09-29 22:26:29,015 - INFO - Env 14, Goal (018.0, 010.0), Episode 00010, setp 032, Reward -23.2, Crashed,
2020-09-29 22:26:29,020 - INFO - Env 13, Goal (016.0, 010.0), Episode 00010, setp 034, Reward -25.5, Crashed,
2020-09-29 22:26:34,964 - INFO - Env 01, Goal (-18.0, 009.5), Episode 00004, setp 001, Reward -42.5, Crashed,
2020-09-29 22:26:34,964 - INFO - Env 00, Goal (-18.0, 011.5), Episode 00004, setp 061, Reward -32.7, Crashed,
2020-09-29 22:26:34,967 - INFO - Env 05, Goal (-12.5, 017.0), Episode 00004, setp 001, Reward -47.5, Crashed,
2020-09-29 22:26:34,967 - INFO - Env 04, Goal (-12.5, 004.0), Episode 00004, setp 037, Reward -41.1, Crashed,
2020-09-29 22:26:34,968 - INFO - Env 02, Goal (-07.0, 011.5), Episode 00004, setp 117, Reward -26.1, Crashed,
2020-09-29 22:26:34,968 - INFO - Env 03, Goal (-07.0, 009.5), Episode 00004, setp 001, Reward -42.5, Crashed,
2020-09-29 22:26:37,490 - INFO - Env 09, Goal (005.0, 003.0), Episode 00012, setp 001, Reward -47.5, Crashed,
2020-09-29 22:26:37,490 - INFO - Env 08, Goal (003.0, 003.0), Episode 00012, setp 019, Reward -43.0, Crashed,
2020-09-29 22:26:37,491 - INFO - Env 06, Goal (-02.0, 003.0), Episode 00012, setp 033, Reward -43.1, Crashed,
2020-09-29 22:26:37,499 - INFO - Env 07, Goal (000.0, 003.0), Episode 00012, setp 001, Reward -47.5, Crashed,
2020-09-29 22:26:39,914 - INFO - Env 32, Goal (-13.8, -04.3), Episode 00002, setp 001, Reward -45.0, Crashed,
2020-09-29 22:26:39,915 - INFO - Env 24, Goal (-18.0, -10.0), Episode 00002, setp 073, Reward -37.5, Crashed,
2020-09-29 22:26:39,915 - INFO - Env 29, Goal (-06.0, -10.0), Episode 00002, setp 201, Reward -25.2, Time out,
2020-09-29 22:26:39,915 - INFO - Env 28, Goal (-07.2, -13.5), Episode 00002, setp 201, Reward -22.6, Time out,
2020-09-29 22:26:39,916 - INFO - Env 33, Goal (-16.9, -06.5), Episode 00002, setp 177, Reward -39.6, Crashed,
2020-09-29 22:26:39,920 - INFO - Env 26, Goal (-13.8, -15.7), Episode 00002, setp 123, Reward -24.8, Crashed,
2020-09-29 22:26:39,921 - INFO - Env 27, Goal (-10.2, -15.7), Episode 00002, setp 201, Reward -11.5, Time out,
2020-09-29 22:26:39,922 - INFO - Env 30, Goal (-07.2, -06.5), Episode 00002, setp 001, Reward -45.0, Crashed,
2020-09-29 22:26:39,925 - INFO - Env 31, Goal (-10.2, -04.3), Episode 00002, setp 201, Reward -30.0, Time out,
2020-09-29 22:26:39,927 - INFO - Env 25, Goal (-16.9, -13.5), Episode 00002, setp 098, Reward -33.4, Crashed,
2020-09-29 22:26:41,189 - INFO - Env 12, Goal (014.0, 010.0), Episode 00011, setp 001, Reward -30.0, Crashed,
2020-09-29 22:26:41,189 - INFO - Env 13, Goal (016.0, 010.0), Episode 00011, setp 032, Reward -23.6, Crashed,
2020-09-29 22:26:41,189 - INFO - Env 10, Goal (010.0, 010.0), Episode 00011, setp 001, Reward -30.0, Crashed,
2020-09-29 22:26:41,189 - INFO - Env 14, Goal (018.0, 010.0), Episode 00011, setp 001, Reward -30.0, Crashed,
2020-09-29 22:26:41,215 - INFO - Env 11, Goal (012.0, 010.0), Episode 00011, setp 039, Reward -24.6, Crashed,
2020-09-29 22:26:41,670 - INFO - Env 16, Goal (005.5, -02.5), Episode 00013, setp 032, Reward -23.7, Crashed,
2020-09-29 22:26:41,673 - INFO - Env 15, Goal (003.5, -02.5), Episode 00013, setp 063, Reward -19.1, Crashed,
2020-09-29 22:26:41,675 - INFO - Env 18, Goal (-00.5, -02.5), Episode 00013, setp 029, Reward -22.1, Crashed,
2020-09-29 22:26:41,680 - INFO - Env 17, Goal (-02.5, -02.5), Episode 00013, setp 040, Reward -24.5, Crashed,
2020-09-29 22:26:42,456 - INFO - Env 20, Goal (-00.5, -05.5), Episode 00009, setp 026, Reward -45.6, Crashed,
2020-09-29 22:26:42,459 - INFO - Env 21, Goal (001.5, -05.5), Episode 00009, setp 049, Reward -39.1, Crashed,
2020-09-29 22:26:42,460 - INFO - Env 22, Goal (003.5, -05.5), Episode 00009, setp 024, Reward -43.2, Crashed,
2020-09-29 22:26:42,462 - INFO - Env 23, Goal (005.5, -05.5), Episode 00009, setp 001, Reward -47.5, Crashed,
2020-09-29 22:26:42,467 - INFO - Env 19, Goal (-02.5, -05.5), Episode 00009, setp 001, Reward -47.5, Crashed,
2020-09-29 22:26:43,454 - INFO - Env 34, Goal (016.4, -17.8), Episode 00004, setp 001, Reward -49.3, Crashed,
2020-09-29 22:26:43,455 - INFO - Env 40, Goal (011.2, -18.1), Episode 00004, setp 009, Reward -53.1, Crashed,
2020-09-29 22:26:43,455 - INFO - Env 36, Goal (015.1, -02.6), Episode 00004, setp 001, Reward -54.2, Crashed,
2020-09-29 22:26:43,456 - INFO - Env 42, Goal (018.6, -01.3), Episode 00004, setp 057, Reward -61.9, Crashed,
2020-09-29 22:26:43,456 - INFO - Env 43, Goal (015.6, -02.2), Episode 00004, setp 080, Reward -58.3, Crashed,
2020-09-29 22:26:43,456 - INFO - Env 35, Goal (015.0, -13.7), Episode 00004, setp 026, Reward -43.4, Crashed,
2020-09-29 22:26:43,459 - INFO - Env 38, Goal (010.9, -13.4), Episode 00004, setp 051, Reward -49.9, Crashed,
2020-09-29 22:26:43,459 - INFO - Env 39, Goal (009.6, -13.0), Episode 00004, setp 001, Reward -37.5, Crashed,
2020-09-29 22:26:43,461 - INFO - Env 37, Goal (018.0, -16.2), Episode 00004, setp 009, Reward -48.2, Crashed,
2020-09-29 22:26:43,467 - INFO - Env 41, Goal (009.4, -18.5), Episode 00004, setp 001, Reward -37.1, Crashed,
2020-09-29 22:26:50,884 - INFO - Env 06, Goal (-02.0, 003.0), Episode 00013, setp 001, Reward -47.5, Crashed,
2020-09-29 22:26:50,884 - INFO - Env 07, Goal (000.0, 003.0), Episode 00013, setp 044, Reward -38.5, Crashed,
2020-09-29 22:26:50,887 - INFO - Env 09, Goal (005.0, 003.0), Episode 00013, setp 021, Reward -42.8, Crashed,
2020-09-29 22:26:50,887 - INFO - Env 08, Goal (003.0, 003.0), Episode 00013, setp 026, Reward -42.8, Crashed,
2020-09-29 22:26:52,586 - INFO - Env 16, Goal (005.5, -02.5), Episode 00014, setp 001, Reward -30.0, Crashed,
2020-09-29 22:26:52,587 - INFO - Env 18, Goal (-00.5, -02.5), Episode 00014, setp 033, Reward -24.0, Crashed,
2020-09-29 22:26:52,594 - INFO - Env 17, Goal (-02.5, -02.5), Episode 00014, setp 016, Reward -25.8, Crashed,
2020-09-29 22:26:52,633 - INFO - Env 15, Goal (003.5, -02.5), Episode 00014, setp 030, Reward -25.3, Crashed,
2020-09-29 22:26:56,899 - INFO - Env 10, Goal (010.0, 010.0), Episode 00012, setp 025, Reward -26.0, Crashed,
2020-09-29 22:26:56,903 - INFO - Env 12, Goal (014.0, 010.0), Episode 00012, setp 041, Reward -23.9, Crashed,
2020-09-29 22:26:56,904 - INFO - Env 14, Goal (018.0, 010.0), Episode 00012, setp 020, Reward -28.0, Crashed,
2020-09-29 22:26:56,911 - INFO - Env 13, Goal (016.0, 010.0), Episode 00012, setp 048, Reward -23.9, Crashed,
2020-09-29 22:26:56,924 - INFO - Env 11, Goal (012.0, 010.0), Episode 00012, setp 001, Reward -30.0, Crashed,
2020-09-29 22:26:58,283 - INFO - Env 00, Goal (-18.0, 011.5), Episode 00005, setp 052, Reward -35.5, Crashed,
2020-09-29 22:26:58,290 - INFO - Env 04, Goal (-12.5, 004.0), Episode 00005, setp 041, Reward -37.9, Crashed,
2020-09-29 22:26:58,291 - INFO - Env 02, Goal (-07.0, 011.5), Episode 00005, setp 001, Reward -42.5, Crashed,
2020-09-29 22:26:58,291 - INFO - Env 05, Goal (-12.5, 017.0), Episode 00005, setp 019, Reward -44.5, Crashed,
2020-09-29 22:26:58,292 - INFO - Env 03, Goal (-07.0, 009.5), Episode 00005, setp 073, Reward -29.9, Crashed,
2020-09-29 22:26:58,302 - INFO - Env 01, Goal (-18.0, 009.5), Episode 00005, setp 037, Reward -34.4, Crashed,
2020-09-29 22:26:58,950 - INFO - Env 20, Goal (-00.5, -05.5), Episode 00010, setp 050, Reward -40.1, Crashed,
2020-09-29 22:26:58,950 - INFO - Env 22, Goal (003.5, -05.5), Episode 00010, setp 001, Reward -47.5, Crashed,
2020-09-29 22:26:58,950 - INFO - Env 21, Goal (001.5, -05.5), Episode 00010, setp 034, Reward -39.0, Crashed,
2020-09-29 22:26:58,951 - INFO - Env 23, Goal (005.5, -05.5), Episode 00010, setp 039, Reward -41.5, Crashed,
2020-09-29 22:26:59,016 - INFO - Env 19, Goal (-02.5, -05.5), Episode 00010, setp 030, Reward -41.7, Crashed,
2020-09-29 22:27:01,372 - INFO - Env 17, Goal (-02.5, -02.5), Episode 00015, setp 001, Reward -30.0, Crashed,
2020-09-29 22:27:01,372 - INFO - Env 16, Goal (005.5, -02.5), Episode 00015, setp 029, Reward -24.6, Crashed,
2020-09-29 22:27:01,381 - INFO - Env 18, Goal (-00.5, -02.5), Episode 00015, setp 020, Reward -26.5, Crashed,
2020-09-29 22:27:01,386 - INFO - Env 15, Goal (003.5, -02.5), Episode 00015, setp 001, Reward -30.0, Crashed,
2020-09-29 22:27:01,616 - INFO - Env 08, Goal (003.0, 003.0), Episode 00014, setp 001, Reward -47.5, Crashed,
2020-09-29 22:27:01,636 - INFO - Env 09, Goal (005.0, 003.0), Episode 00014, setp 001, Reward -47.5, Crashed,
2020-09-29 22:27:01,677 - INFO - Env 06, Goal (-02.0, 003.0), Episode 00014, setp 032, Reward -42.6, Crashed,
2020-09-29 22:27:01,683 - INFO - Env 07, Goal (000.0, 003.0), Episode 00014, setp 025, Reward -42.7, Crashed,
2020-09-29 22:27:08,619 - INFO - Env 08, Goal (003.0, 003.0), Episode 00015, setp 024, Reward -42.8, Crashed,
2020-09-29 22:27:08,625 - INFO - Env 09, Goal (005.0, 003.0), Episode 00015, setp 025, Reward -42.8, Crashed,
2020-09-29 22:27:08,646 - INFO - Env 06, Goal (-02.0, 003.0), Episode 00015, setp 001, Reward -47.5, Crashed,
2020-09-29 22:27:08,658 - INFO - Env 07, Goal (000.0, 003.0), Episode 00015, setp 001, Reward -47.5, Crashed,
2020-09-29 22:27:10,548 - INFO - Env 21, Goal (001.5, -05.5), Episode 00011, setp 039, Reward -38.9, Crashed,
2020-09-29 22:27:10,548 - INFO - Env 20, Goal (-00.5, -05.5), Episode 00011, setp 028, Reward -42.1, Crashed,
2020-09-29 22:27:10,555 - INFO - Env 22, Goal (003.5, -05.5), Episode 00011, setp 026, Reward -45.1, Crashed,
2020-09-29 22:27:10,557 - INFO - Env 19, Goal (-02.5, -05.5), Episode 00011, setp 001, Reward -47.5, Crashed,
2020-09-29 22:27:10,583 - INFO - Env 23, Goal (005.5, -05.5), Episode 00011, setp 041, Reward -40.9, Crashed,
2020-09-29 22:27:10,940 - INFO - Env 16, Goal (005.5, -02.5), Episode 00016, setp 001, Reward -30.0, Crashed,
2020-09-29 22:27:10,940 - INFO - Env 18, Goal (-00.5, -02.5), Episode 00016, setp 032, Reward -24.7, Crashed,
2020-09-29 22:27:10,945 - INFO - Env 17, Goal (-02.5, -02.5), Episode 00016, setp 033, Reward -22.0, Crashed,
2020-09-29 22:27:10,956 - INFO - Env 15, Goal (003.5, -02.5), Episode 00016, setp 019, Reward -26.6, Crashed,
2020-09-29 22:27:15,100 - INFO - Env 12, Goal (014.0, 010.0), Episode 00013, setp 030, Reward -23.9, Crashed,
2020-09-29 22:27:15,100 - INFO - Env 10, Goal (010.0, 010.0), Episode 00013, setp 001, Reward -30.0, Crashed,
2020-09-29 22:27:15,101 - INFO - Env 11, Goal (012.0, 010.0), Episode 00013, setp 062, Reward -28.2, Crashed,
2020-09-29 22:27:15,114 - INFO - Env 14, Goal (018.0, 010.0), Episode 00013, setp 032, Reward -23.6, Crashed,
2020-09-29 22:27:15,124 - INFO - Env 13, Goal (016.0, 010.0), Episode 00013, setp 001, Reward -30.0, Crashed,
2020-09-29 22:27:16,970 - INFO - Env 06, Goal (-02.0, 003.0), Episode 00016, setp 026, Reward -43.4, Crashed,
2020-09-29 22:27:16,970 - INFO - Env 07, Goal (000.0, 003.0), Episode 00016, setp 024, Reward -42.8, Crashed,
2020-09-29 22:27:16,987 - INFO - Env 08, Goal (003.0, 003.0), Episode 00016, setp 001, Reward -47.5, Crashed,
2020-09-29 22:27:16,999 - INFO - Env 09, Goal (005.0, 003.0), Episode 00016, setp 001, Reward -47.5, Crashed,
2020-09-29 22:27:23,196 - INFO - Env 16, Goal (005.5, -02.5), Episode 00017, setp 019, Reward -25.1, Crashed,
2020-09-29 22:27:23,198 - INFO - Env 18, Goal (-00.5, -02.5), Episode 00017, setp 038, Reward -23.0, Crashed,
2020-09-29 22:27:23,199 - INFO - Env 17, Goal (-02.5, -02.5), Episode 00017, setp 018, Reward -26.4, Crashed,
2020-09-29 22:27:23,211 - INFO - Env 15, Goal (003.5, -02.5), Episode 00017, setp 001, Reward -30.0, Crashed,
2020-09-29 22:27:27,458 - INFO - Env 08, Goal (003.0, 003.0), Episode 00017, setp 032, Reward -42.6, Crashed,
2020-09-29 22:27:27,461 - INFO - Env 07, Goal (000.0, 003.0), Episode 00017, setp 023, Reward -42.9, Crashed,
2020-09-29 22:27:27,461 - INFO - Env 06, Goal (-02.0, 003.0), Episode 00017, setp 001, Reward -47.5, Crashed,
2020-09-29 22:27:27,467 - INFO - Env 09, Goal (005.0, 003.0), Episode 00017, setp 026, Reward -42.7, Crashed,
2020-09-29 22:27:36,625 - INFO - Env 17, Goal (-02.5, -02.5), Episode 00018, setp 001, Reward -30.0, Crashed,
2020-09-29 22:27:36,625 - INFO - Env 16, Goal (005.5, -02.5), Episode 00018, setp 041, Reward -23.2, Crashed,
2020-09-29 22:27:36,634 - INFO - Env 18, Goal (-00.5, -02.5), Episode 00018, setp 027, Reward -25.3, Crashed,
2020-09-29 22:27:36,636 - INFO - Env 15, Goal (003.5, -02.5), Episode 00018, setp 035, Reward -24.0, Crashed,
2020-09-29 22:27:36,984 - INFO - Env 40, Goal (009.9, -01.6), Episode 00005, setp 001, Reward -47.4, Crashed,
2020-09-29 22:27:36,990 - INFO - Env 42, Goal (014.6, -18.4), Episode 00005, setp 053, Reward -50.0, Crashed,
2020-09-29 22:27:36,992 - INFO - Env 43, Goal (009.2, -13.9), Episode 00005, setp 011, Reward -46.7, Crashed,
2020-09-29 22:27:36,995 - INFO - Env 41, Goal (012.0, -15.1), Episode 00005, setp 091, Reward -38.8, Crashed,
2020-09-29 22:27:37,011 - INFO - Env 38, Goal (009.6, -14.0), Episode 00005, setp 001, Reward -32.7, Crashed,
2020-09-29 22:27:37,011 - INFO - Env 36, Goal (017.2, -15.5), Episode 00005, setp 011, Reward -52.8, Crashed,
2020-09-29 22:27:37,012 - INFO - Env 39, Goal (018.4, -03.8), Episode 00005, setp 004, Reward -49.5, Crashed,
2020-09-29 22:27:37,022 - INFO - Env 34, Goal (014.1, -01.2), Episode 00005, setp 169, Reward -49.5, Crashed,
2020-09-29 22:27:37,022 - INFO - Env 35, Goal (010.9, -01.8), Episode 00005, setp 001, Reward -48.0, Crashed,
2020-09-29 22:27:37,024 - INFO - Env 37, Goal (018.6, -16.7), Episode 00005, setp 019, Reward -42.1, Crashed,
2020-09-29 22:27:38,040 - INFO - Env 08, Goal (003.0, 003.0), Episode 00018, setp 028, Reward -42.9, Crashed,
2020-09-29 22:27:38,040 - INFO - Env 06, Goal (-02.0, 003.0), Episode 00018, setp 026, Reward -42.7, Crashed,
2020-09-29 22:27:38,043 - INFO - Env 09, Goal (005.0, 003.0), Episode 00018, setp 033, Reward -42.9, Crashed,
2020-09-29 22:27:38,048 - INFO - Env 07, Goal (000.0, 003.0), Episode 00018, setp 001, Reward -47.5, Crashed,
2020-09-29 22:27:40,808 - INFO - Env 00, Goal (-18.0, 011.5), Episode 00006, setp 001, Reward -42.5, Crashed,
2020-09-29 22:27:40,815 - INFO - Env 05, Goal (-12.5, 017.0), Episode 00006, setp 139, Reward -33.5, Crashed,
2020-09-29 22:27:40,815 - INFO - Env 02, Goal (-07.0, 011.5), Episode 00006, setp 012, Reward -39.7, Crashed,
2020-09-29 22:27:40,816 - INFO - Env 01, Goal (-18.0, 009.5), Episode 00006, setp 001, Reward -42.5, Crashed,
2020-09-29 22:27:40,820 - INFO - Env 04, Goal (-12.5, 004.0), Episode 00006, setp 035, Reward -42.2, Crashed,
2020-09-29 22:27:40,835 - INFO - Env 03, Goal (-07.0, 009.5), Episode 00006, setp 120, Reward -31.7, Crashed,
2020-09-29 22:27:42,302 - INFO - Env 26, Goal (-13.8, -15.7), Episode 00003, setp 022, Reward -40.9, Crashed,
2020-09-29 22:27:42,302 - INFO - Env 24, Goal (-18.0, -10.0), Episode 00003, setp 118, Reward -32.1, Crashed,
2020-09-29 22:27:42,302 - INFO - Env 28, Goal (-07.2, -13.5), Episode 00003, setp 201, Reward -25.9, Time out,
2020-09-29 22:27:42,302 - INFO - Env 32, Goal (-13.8, -04.3), Episode 00003, setp 100, Reward -52.6, Crashed,
2020-09-29 22:27:42,302 - INFO - Env 33, Goal (-16.9, -06.5), Episode 00003, setp 001, Reward -45.0, Crashed,
2020-09-29 22:27:42,303 - INFO - Env 29, Goal (-06.0, -10.0), Episode 00003, setp 053, Reward -36.1, Crashed,
2020-09-29 22:27:42,307 - INFO - Env 27, Goal (-10.2, -15.7), Episode 00003, setp 050, Reward -35.3, Crashed,
2020-09-29 22:27:42,311 - INFO - Env 25, Goal (-16.9, -13.5), Episode 00003, setp 023, Reward -41.0, Crashed,
2020-09-29 22:27:42,312 - INFO - Env 30, Goal (-07.2, -06.5), Episode 00003, setp 046, Reward -42.2, Crashed,
2020-09-29 22:27:42,312 - INFO - Env 31, Goal (-10.2, -04.3), Episode 00003, setp 201, Reward -30.0, Time out,
2020-09-29 22:27:55,920 - INFO - Env 19, Goal (-02.5, -05.5), Episode 00012, setp 143, Reward -27.4, Crashed,
2020-09-29 22:27:55,924 - INFO - Env 20, Goal (-00.5, -05.5), Episode 00012, setp 025, Reward -42.2, Crashed,
2020-09-29 22:27:55,924 - INFO - Env 21, Goal (001.5, -05.5), Episode 00012, setp 147, Reward -34.6, Crashed,
2020-09-29 22:27:55,930 - INFO - Env 22, Goal (003.5, -05.5), Episode 00012, setp 028, Reward -43.0, Crashed,
2020-09-29 22:27:55,931 - INFO - Env 23, Goal (005.5, -05.5), Episode 00012, setp 070, Reward -33.7, Crashed,
2020-09-29 22:27:57,497 - INFO - Env 08, Goal (003.0, 003.0), Episode 00019, setp 044, Reward -44.7, Crashed,
2020-09-29 22:27:57,499 - INFO - Env 09, Goal (005.0, 003.0), Episode 00019, setp 001, Reward -47.5, Crashed,
2020-09-29 22:27:57,499 - INFO - Env 06, Goal (-02.0, 003.0), Episode 00019, setp 001, Reward -47.5, Crashed,
2020-09-29 22:27:57,500 - INFO - Env 07, Goal (000.0, 003.0), Episode 00019, setp 067, Reward -39.5, Crashed,
2020-09-29 22:28:00,243 - INFO - Env 16, Goal (005.5, -02.5), Episode 00019, setp 001, Reward -30.0, Crashed,
2020-09-29 22:28:00,246 - INFO - Env 15, Goal (003.5, -02.5), Episode 00019, setp 001, Reward -30.0, Crashed,
2020-09-29 22:28:00,247 - INFO - Env 18, Goal (-00.5, -02.5), Episode 00019, setp 081, Reward -16.6, Crashed,
2020-09-29 22:28:00,251 - INFO - Env 17, Goal (-02.5, -02.5), Episode 00019, setp 025, Reward -27.3, Crashed,
2020-09-29 22:28:02,232 - INFO - Env 04, Goal (-12.5, 004.0), Episode 00007, setp 072, Reward -39.6, Crashed,
2020-09-29 22:28:02,232 - INFO - Env 00, Goal (-18.0, 011.5), Episode 00007, setp 057, Reward -36.4, Crashed,
2020-09-29 22:28:02,233 - INFO - Env 01, Goal (-18.0, 009.5), Episode 00007, setp 025, Reward -39.9, Crashed,
2020-09-29 22:28:02,246 - INFO - Env 05, Goal (-12.5, 017.0), Episode 00007, setp 001, Reward -47.5, Crashed,
2020-09-29 22:28:02,249 - INFO - Env 02, Goal (-07.0, 011.5), Episode 00007, setp 013, Reward -39.9, Crashed,
2020-09-29 22:28:02,262 - INFO - Env 03, Goal (-07.0, 009.5), Episode 00007, setp 001, Reward -42.5, Crashed,
2020-09-29 22:28:07,160 - INFO - Env 08, Goal (003.0, 003.0), Episode 00020, setp 001, Reward -47.5, Crashed,
2020-09-29 22:28:07,160 - INFO - Env 09, Goal (005.0, 003.0), Episode 00020, setp 025, Reward -42.7, Crashed,
2020-09-29 22:28:07,177 - INFO - Env 06, Goal (-02.0, 003.0), Episode 00020, setp 032, Reward -43.0, Crashed,
2020-09-29 22:28:07,179 - INFO - Env 07, Goal (000.0, 003.0), Episode 00020, setp 001, Reward -47.5, Crashed,
2020-09-29 22:28:08,320 - INFO - Env 37, Goal (014.0, -18.7), Episode 00006, setp 001, Reward -56.6, Crashed,
2020-09-29 22:28:08,319 - INFO - Env 36, Goal (015.0, -02.6), Episode 00006, setp 001, Reward -58.3, Crashed,
2020-09-29 22:28:08,320 - INFO - Env 40, Goal (009.1, -01.2), Episode 00006, setp 077, Reward -38.8, Crashed,
2020-09-29 22:28:08,321 - INFO - Env 34, Goal (009.4, -14.2), Episode 00006, setp 027, Reward -42.5, Crashed,
2020-09-29 22:28:08,321 - INFO - Env 42, Goal (016.3, -04.5), Episode 00006, setp 076, Reward -32.0, Crashed,
2020-09-29 22:28:08,321 - INFO - Env 35, Goal (010.8, -17.3), Episode 00006, setp 106, Reward -39.2, Crashed,
2020-09-29 22:28:08,329 - INFO - Env 43, Goal (016.8, -03.2), Episode 00006, setp 001, Reward -48.8, Crashed,
2020-09-29 22:28:08,331 - INFO - Env 38, Goal (015.4, -18.5), Episode 00006, setp 102, Reward -40.2, Crashed,
2020-09-29 22:28:08,335 - INFO - Env 41, Goal (017.1, -01.2), Episode 00006, setp 001, Reward -55.2, Crashed,
2020-09-29 22:28:08,338 - INFO - Env 39, Goal (014.6, -18.7), Episode 00006, setp 041, Reward -45.7, Crashed,
2020-09-29 22:28:17,327 - INFO - Env 16, Goal (005.5, -02.5), Episode 00020, setp 021, Reward -26.2, Crashed,
2020-09-29 22:28:17,331 - INFO - Env 17, Goal (-02.5, -02.5), Episode 00020, setp 001, Reward -30.0, Crashed,
2020-09-29 22:28:17,336 - INFO - Env 18, Goal (-00.5, -02.5), Episode 00020, setp 027, Reward -26.5, Crashed,
2020-09-29 22:28:17,341 - INFO - Env 15, Goal (003.5, -02.5), Episode 00020, setp 052, Reward -22.0, Crashed,
2020-09-29 22:28:18,490 - INFO - Env 10, Goal (010.0, 010.0), Episode 00014, setp 055, Reward -23.5, Crashed,
2020-09-29 22:28:18,492 - INFO - Env 12, Goal (014.0, 010.0), Episode 00014, setp 001, Reward -30.0, Crashed,
2020-09-29 22:28:18,492 - INFO - Env 14, Goal (018.0, 010.0), Episode 00014, setp 001, Reward -30.0, Crashed,
2020-09-29 22:28:18,496 - INFO - Env 13, Goal (016.0, 010.0), Episode 00014, setp 201, Reward -15.3, Time out,
2020-09-29 22:28:18,507 - INFO - Env 11, Goal (012.0, 010.0), Episode 00014, setp 001, Reward -30.0, Crashed,
2020-09-29 22:28:26,660 - INFO - Env 09, Goal (005.0, 003.0), Episode 00021, setp 030, Reward -42.9, Crashed,
2020-09-29 22:28:26,660 - INFO - Env 08, Goal (003.0, 003.0), Episode 00021, setp 023, Reward -42.8, Crashed,
2020-09-29 22:28:26,687 - INFO - Env 06, Goal (-02.0, 003.0), Episode 00021, setp 021, Reward -42.6, Crashed,
2020-09-29 22:28:26,688 - INFO - Env 07, Goal (000.0, 003.0), Episode 00021, setp 053, Reward -42.3, Crashed,
2020-09-29 22:28:27,382 - INFO - Env 08, Goal (003.0, 003.0), Episode 00022, setp 001, Reward -47.5, Crashed,
2020-09-29 22:28:27,400 - INFO - Env 09, Goal (005.0, 003.0), Episode 00022, setp 001, Reward -47.5, Crashed,
2020-09-29 22:28:27,411 - INFO - Env 06, Goal (-02.0, 003.0), Episode 00022, setp 001, Reward -47.5, Crashed,
2020-09-29 22:28:27,413 - INFO - Env 07, Goal (000.0, 003.0), Episode 00022, setp 001, Reward -47.5, Crashed,
2020-09-29 22:28:34,104 - INFO - Env 20, Goal (-00.5, -05.5), Episode 00013, setp 098, Reward -33.7, Crashed,
2020-09-29 22:28:34,104 - INFO - Env 21, Goal (001.5, -05.5), Episode 00013, setp 111, Reward -29.2, Crashed,
2020-09-29 22:28:34,123 - INFO - Env 22, Goal (003.5, -05.5), Episode 00013, setp 001, Reward -47.5, Crashed,
2020-09-29 22:28:34,124 - INFO - Env 23, Goal (005.5, -05.5), Episode 00013, setp 034, Reward -41.5, Crashed,
2020-09-29 22:28:34,127 - INFO - Env 19, Goal (-02.5, -05.5), Episode 00013, setp 001, Reward -47.5, Crashed,
2020-09-29 22:28:36,619 - INFO - Env 12, Goal (014.0, 010.0), Episode 00015, setp 039, Reward -22.9, Crashed,
2020-09-29 22:28:36,619 - INFO - Env 13, Goal (016.0, 010.0), Episode 00015, setp 032, Reward -23.4, Crashed,
2020-09-29 22:28:36,621 - INFO - Env 14, Goal (018.0, 010.0), Episode 00015, setp 051, Reward -24.0, Crashed,
2020-09-29 22:28:36,627 - INFO - Env 10, Goal (010.0, 010.0), Episode 00015, setp 037, Reward -23.4, Crashed,
2020-09-29 22:28:36,669 - INFO - Env 11, Goal (012.0, 010.0), Episode 00015, setp 039, Reward -25.9, Crashed,
2020-09-29 22:28:37,933 - INFO - Env 17, Goal (-02.5, -02.5), Episode 00021, setp 058, Reward -22.7, Crashed,
2020-09-29 22:28:37,933 - INFO - Env 16, Goal (005.5, -02.5), Episode 00021, setp 039, Reward -24.6, Crashed,
2020-09-29 22:28:37,940 - INFO - Env 15, Goal (003.5, -02.5), Episode 00021, setp 001, Reward -30.0, Crashed,
2020-09-29 22:28:37,955 - INFO - Env 18, Goal (-00.5, -02.5), Episode 00021, setp 001, Reward -30.0, Crashed,
2020-09-29 22:28:43,956 - INFO - Env 01, Goal (-18.0, 009.5), Episode 00008, setp 001, Reward -42.5, Crashed,
2020-09-29 22:28:43,959 - INFO - Env 02, Goal (-07.0, 011.5), Episode 00008, setp 001, Reward -42.5, Crashed,
2020-09-29 22:28:43,962 - INFO - Env 00, Goal (-18.0, 011.5), Episode 00008, setp 122, Reward -31.6, Crashed,
2020-09-29 22:28:43,963 - INFO - Env 04, Goal (-12.5, 004.0), Episode 00008, setp 001, Reward -47.5, Crashed,
2020-09-29 22:28:43,971 - INFO - Env 03, Goal (-07.0, 009.5), Episode 00008, setp 051, Reward -35.7, Crashed,
2020-09-29 22:28:43,979 - INFO - Env 05, Goal (-12.5, 017.0), Episode 00008, setp 024, Reward -45.9, Crashed,
2020-09-29 22:28:44,970 - INFO - Env 36, Goal (009.8, -04.2), Episode 00007, setp 068, Reward -40.9, Crashed,
2020-09-29 22:28:44,976 - INFO - Env 37, Goal (014.9, -03.7), Episode 00007, setp 105, Reward -49.5, Crashed,
2020-09-29 22:28:44,976 - INFO - Env 38, Goal (015.7, -01.8), Episode 00007, setp 001, Reward -54.3, Crashed,
2020-09-29 22:28:44,980 - INFO - Env 42, Goal (012.6, -02.1), Episode 00007, setp 001, Reward -57.4, Crashed,
2020-09-29 22:28:44,980 - INFO - Env 40, Goal (010.0, -03.9), Episode 00007, setp 082, Reward -58.4, Crashed,
2020-09-29 22:28:44,981 - INFO - Env 34, Goal (016.3, -02.2), Episode 00007, setp 001, Reward -49.8, Crashed,
2020-09-29 22:28:44,983 - INFO - Env 39, Goal (018.3, -18.0), Episode 00007, setp 001, Reward -37.3, Crashed,
2020-09-29 22:28:44,988 - INFO - Env 41, Goal (017.1, -17.0), Episode 00007, setp 066, Reward -51.1, Crashed,
2020-09-29 22:28:44,991 - INFO - Env 43, Goal (010.1, -13.9), Episode 00007, setp 101, Reward -47.1, Crashed,
2020-09-29 22:28:45,007 - INFO - Env 35, Goal (018.1, -04.9), Episode 00007, setp 001, Reward -48.4, Crashed,
2020-09-29 22:28:47,733 - INFO - Env 25, Goal (-16.9, -13.5), Episode 00004, setp 001, Reward -45.0, Crashed,
2020-09-29 22:28:47,734 - INFO - Env 24, Goal (-18.0, -10.0), Episode 00004, setp 001, Reward -45.0, Crashed,
2020-09-29 22:28:47,737 - INFO - Env 28, Goal (-07.2, -13.5), Episode 00004, setp 201, Reward -30.8, Time out,
2020-09-29 22:28:47,737 - INFO - Env 26, Goal (-13.8, -15.7), Episode 00004, setp 001, Reward -45.0, Crashed,
2020-09-29 22:28:47,737 - INFO - Env 27, Goal (-10.2, -15.7), Episode 00004, setp 001, Reward -45.0, Crashed,
2020-09-29 22:28:47,737 - INFO - Env 30, Goal (-07.2, -06.5), Episode 00004, setp 001, Reward -45.0, Crashed,
2020-09-29 22:28:47,737 - INFO - Env 31, Goal (-10.2, -04.3), Episode 00004, setp 201, Reward -30.0, Time out,
2020-09-29 22:28:47,752 - INFO - Env 32, Goal (-13.8, -04.3), Episode 00004, setp 001, Reward -45.0, Crashed,
2020-09-29 22:28:47,755 - INFO - Env 29, Goal (-06.0, -10.0), Episode 00004, setp 001, Reward -45.0, Crashed,
2020-09-29 22:28:47,760 - INFO - Env 33, Goal (-16.9, -06.5), Episode 00004, setp 081, Reward -42.1, Crashed,
2020-09-29 22:28:49,735 - INFO - Env 10, Goal (010.0, 010.0), Episode 00016, setp 043, Reward -23.3, Crashed,
2020-09-29 22:28:49,735 - INFO - Env 11, Goal (012.0, 010.0), Episode 00016, setp 033, Reward -23.6, Crashed,
2020-09-29 22:28:49,741 - INFO - Env 12, Goal (014.0, 010.0), Episode 00016, setp 001, Reward -30.0, Crashed,
2020-09-29 22:28:49,741 - INFO - Env 14, Goal (018.0, 010.0), Episode 00016, setp 001, Reward -30.0, Crashed,
2020-09-29 22:28:49,752 - INFO - Env 13, Goal (016.0, 010.0), Episode 00016, setp 001, Reward -30.0, Crashed,
2020-09-29 22:28:51,407 - INFO - Env 19, Goal (-02.5, -05.5), Episode 00014, setp 029, Reward -42.1, Crashed,
2020-09-29 22:28:51,436 - INFO - Env 20, Goal (-00.5, -05.5), Episode 00014, setp 001, Reward -47.5, Crashed,
2020-09-29 22:28:51,445 - INFO - Env 23, Goal (005.5, -05.5), Episode 00014, setp 001, Reward -47.5, Crashed,
2020-09-29 22:28:51,445 - INFO - Env 22, Goal (003.5, -05.5), Episode 00014, setp 056, Reward -40.1, Crashed,
2020-09-29 22:28:51,455 - INFO - Env 21, Goal (001.5, -05.5), Episode 00014, setp 001, Reward -47.5, Crashed,
2020-09-29 22:28:53,466 - INFO - Env 08, Goal (003.0, 003.0), Episode 00023, setp 083, Reward -32.9, Crashed,
2020-09-29 22:28:53,469 - INFO - Env 06, Goal (-02.0, 003.0), Episode 00023, setp 033, Reward -43.0, Crashed,
2020-09-29 22:28:53,469 - INFO - Env 07, Goal (000.0, 003.0), Episode 00023, setp 057, Reward -42.6, Crashed,
2020-09-29 22:28:53,472 - INFO - Env 09, Goal (005.0, 003.0), Episode 00023, setp 029, Reward -42.9, Crashed,
2020-09-29 22:29:01,072 - INFO - Env 06, Goal (-02.0, 003.0), Episode 00024, setp 001, Reward -47.5, Crashed,
2020-09-29 22:29:01,072 - INFO - Env 07, Goal (000.0, 003.0), Episode 00024, setp 001, Reward -47.5, Crashed,
2020-09-29 22:29:01,087 - INFO - Env 09, Goal (005.0, 003.0), Episode 00024, setp 019, Reward -42.7, Crashed,
2020-09-29 22:29:01,087 - INFO - Env 08, Goal (003.0, 003.0), Episode 00024, setp 001, Reward -47.5, Crashed,
2020-09-29 22:29:01,816 - INFO - Env 16, Goal (005.5, -02.5), Episode 00022, setp 001, Reward -30.0, Crashed,
2020-09-29 22:29:01,827 - INFO - Env 17, Goal (-02.5, -02.5), Episode 00022, setp 040, Reward -23.8, Crashed,
2020-09-29 22:29:01,832 - INFO - Env 15, Goal (003.5, -02.5), Episode 00022, setp 019, Reward -26.4, Crashed,
2020-09-29 22:29:01,839 - INFO - Env 18, Goal (-00.5, -02.5), Episode 00022, setp 071, Reward -16.7, Crashed,
2020-09-29 22:29:08,700 - INFO - Env 11, Goal (012.0, 010.0), Episode 00017, setp 001, Reward -30.0, Crashed,
2020-09-29 22:29:08,700 - INFO - Env 10, Goal (010.0, 010.0), Episode 00017, setp 030, Reward -23.4, Crashed,
2020-09-29 22:29:08,708 - INFO - Env 12, Goal (014.0, 010.0), Episode 00017, setp 031, Reward -23.5, Crashed,
2020-09-29 22:29:08,713 - INFO - Env 14, Goal (018.0, 010.0), Episode 00017, setp 055, Reward -24.4, Crashed,
2020-09-29 22:29:08,719 - INFO - Env 13, Goal (016.0, 010.0), Episode 00017, setp 053, Reward -25.1, Crashed,
2020-09-29 22:29:16,983 - INFO - Env 22, Goal (003.5, -05.5), Episode 00015, setp 001, Reward -47.5, Crashed,
2020-09-29 22:29:16,983 - INFO - Env 21, Goal (001.5, -05.5), Episode 00015, setp 058, Reward -39.0, Crashed,
2020-09-29 22:29:16,983 - INFO - Env 20, Goal (-00.5, -05.5), Episode 00015, setp 078, Reward -34.5, Crashed,
2020-09-29 22:29:16,987 - INFO - Env 23, Goal (005.5, -05.5), Episode 00015, setp 081, Reward -32.3, Crashed,
2020-09-29 22:29:16,998 - INFO - Env 19, Goal (-02.5, -05.5), Episode 00015, setp 001, Reward -47.5, Crashed,
2020-09-29 22:29:20,100 - INFO - Env 00, Goal (-18.0, 011.5), Episode 00009, setp 001, Reward -42.5, Crashed,
2020-09-29 22:29:20,100 - INFO - Env 03, Goal (-07.0, 009.5), Episode 00009, setp 001, Reward -42.5, Crashed,
2020-09-29 22:29:20,100 - INFO - Env 02, Goal (-07.0, 011.5), Episode 00009, setp 026, Reward -37.7, Crashed,
2020-09-29 22:29:20,111 - INFO - Env 04, Goal (-12.5, 004.0), Episode 00009, setp 034, Reward -42.0, Crashed,
2020-09-29 22:29:20,115 - INFO - Env 01, Goal (-18.0, 009.5), Episode 00009, setp 115, Reward -27.4, Crashed,
2020-09-29 22:29:20,127 - INFO - Env 05, Goal (-12.5, 017.0), Episode 00009, setp 001, Reward -47.5, Crashed,
2020-09-29 22:29:20,707 - INFO - Env 17, Goal (-02.5, -02.5), Episode 00023, setp 065, Reward -16.8, Crashed,
2020-09-29 22:29:20,707 - INFO - Env 16, Goal (005.5, -02.5), Episode 00023, setp 049, Reward -19.4, Crashed,
2020-09-29 22:29:20,707 - INFO - Env 18, Goal (-00.5, -02.5), Episode 00023, setp 030, Reward -26.8, Crashed,
2020-09-29 22:29:20,712 - INFO - Env 15, Goal (003.5, -02.5), Episode 00023, setp 001, Reward -30.0, Crashed,
2020-09-29 22:29:23,895 - INFO - Env 08, Goal (003.0, 003.0), Episode 00025, setp 076, Reward -30.1, Crashed,
2020-09-29 22:29:23,895 - INFO - Env 06, Goal (-02.0, 003.0), Episode 00025, setp 029, Reward -42.7, Crashed,
2020-09-29 22:29:23,898 - INFO - Env 07, Goal (000.0, 003.0), Episode 00025, setp 025, Reward -42.7, Crashed,
2020-09-29 22:29:23,903 - INFO - Env 09, Goal (005.0, 003.0), Episode 00025, setp 001, Reward -47.5, Crashed,
2020-09-29 22:29:25,201 - INFO - Env 10, Goal (010.0, 010.0), Episode 00018, setp 027, Reward -24.1, Crashed,
2020-09-29 22:29:25,201 - INFO - Env 11, Goal (012.0, 010.0), Episode 00018, setp 055, Reward -26.7, Crashed,
2020-09-29 22:29:25,206 - INFO - Env 14, Goal (018.0, 010.0), Episode 00018, setp 001, Reward -30.0, Crashed,
2020-09-29 22:29:25,206 - INFO - Env 12, Goal (014.0, 010.0), Episode 00018, setp 038, Reward -24.0, Crashed,
2020-09-29 22:29:25,210 - INFO - Env 13, Goal (016.0, 010.0), Episode 00018, setp 001, Reward -30.0, Crashed,
2020-09-29 22:29:27,684 - INFO - Env 35, Goal (009.3, -16.4), Episode 00008, setp 001, Reward -50.5, Crashed,
2020-09-29 22:29:27,684 - INFO - Env 34, Goal (012.2, -03.3), Episode 00008, setp 133, Reward -41.8, Crashed,
2020-09-29 22:29:27,690 - INFO - Env 40, Goal (014.9, -17.8), Episode 00008, setp 054, Reward -61.5, Crashed,
2020-09-29 22:29:27,690 - INFO - Env 41, Goal (012.8, -14.8), Episode 00008, setp 046, Reward -40.0, Crashed,
2020-09-29 22:29:27,692 - INFO - Env 37, Goal (016.7, -16.1), Episode 00008, setp 001, Reward -53.5, Crashed,
2020-09-29 22:29:27,692 - INFO - Env 36, Goal (016.5, -04.6), Episode 00008, setp 001, Reward -42.0, Crashed,
2020-09-29 22:29:27,695 - INFO - Env 38, Goal (017.7, -13.7), Episode 00008, setp 001, Reward -41.6, Crashed,
2020-09-29 22:29:27,700 - INFO - Env 39, Goal (017.8, -02.8), Episode 00008, setp 136, Reward -32.4, Crashed,
2020-09-29 22:29:27,731 - INFO - Env 42, Goal (018.1, -16.5), Episode 00008, setp 136, Reward -43.1, Crashed,
2020-09-29 22:29:27,735 - INFO - Env 43, Goal (010.0, -05.0), Episode 00008, setp 001, Reward -37.0, Crashed,
2020-09-29 22:29:29,564 - INFO - Env 16, Goal (005.5, -02.5), Episode 00024, setp 001, Reward -30.0, Crashed,
2020-09-29 22:29:29,569 - INFO - Env 17, Goal (-02.5, -02.5), Episode 00024, setp 029, Reward -24.2, Crashed,
2020-09-29 22:29:29,569 - INFO - Env 18, Goal (-00.5, -02.5), Episode 00024, setp 001, Reward -30.0, Crashed,
2020-09-29 22:29:29,575 - INFO - Env 15, Goal (003.5, -02.5), Episode 00024, setp 021, Reward -26.5, Crashed,
2020-09-29 22:29:37,870 - INFO - Env 06, Goal (-02.0, 003.0), Episode 00026, setp 001, Reward -47.5, Crashed,
2020-09-29 22:29:37,871 - INFO - Env 07, Goal (000.0, 003.0), Episode 00026, setp 043, Reward -42.7, Crashed,
2020-09-29 22:29:37,878 - INFO - Env 08, Goal (003.0, 003.0), Episode 00026, setp 043, Reward -40.9, Crashed,
2020-09-29 22:29:37,878 - INFO - Env 09, Goal (005.0, 003.0), Episode 00026, setp 026, Reward -42.8, Crashed,
2020-09-29 22:29:45,583 - INFO - Env 16, Goal (005.5, -02.5), Episode 00025, setp 034, Reward -23.9, Crashed,
2020-09-29 22:29:45,585 - INFO - Env 18, Goal (-00.5, -02.5), Episode 00025, setp 050, Reward -19.0, Crashed,
2020-09-29 22:29:45,591 - INFO - Env 17, Goal (-02.5, -02.5), Episode 00025, setp 053, Reward -16.5, Crashed,
2020-09-29 22:29:45,591 - INFO - Env 15, Goal (003.5, -02.5), Episode 00025, setp 001, Reward -30.0, Crashed,
2020-09-29 22:29:48,301 - INFO - Env 10, Goal (010.0, 010.0), Episode 00019, setp 001, Reward -30.0, Crashed,
2020-09-29 22:29:48,301 - INFO - Env 11, Goal (012.0, 010.0), Episode 00019, setp 064, Reward -27.4, Crashed,
2020-09-29 22:29:48,318 - INFO - Env 13, Goal (016.0, 010.0), Episode 00019, setp 079, Reward -35.4, Crashed,
2020-09-29 22:29:48,318 - INFO - Env 12, Goal (014.0, 010.0), Episode 00019, setp 001, Reward -30.0, Crashed,
2020-09-29 22:29:48,320 - INFO - Env 14, Goal (018.0, 010.0), Episode 00019, setp 033, Reward -23.3, Crashed,
2020-09-29 22:29:49,788 - INFO - Env 32, Goal (-13.8, -04.3), Episode 00005, setp 056, Reward -36.2, Crashed,
2020-09-29 22:29:49,788 - INFO - Env 33, Goal (-16.9, -06.5), Episode 00005, setp 055, Reward -34.3, Crashed,
2020-09-29 22:29:49,793 - INFO - Env 26, Goal (-13.8, -15.7), Episode 00005, setp 075, Reward -31.1, Crashed,
2020-09-29 22:29:49,793 - INFO - Env 24, Goal (-18.0, -10.0), Episode 00005, setp 067, Reward -34.9, Crashed,
2020-09-29 22:29:49,794 - INFO - Env 28, Goal (-07.2, -13.5), Episode 00005, setp 035, Reward -39.8, Crashed,
2020-09-29 22:29:49,795 - INFO - Env 29, Goal (-06.0, -10.0), Episode 00005, setp 065, Reward -33.1, Crashed,
2020-09-29 22:29:49,795 - INFO - Env 27, Goal (-10.2, -15.7), Episode 00005, setp 036, Reward -38.9, Crashed,
2020-09-29 22:29:49,798 - INFO - Env 25, Goal (-16.9, -13.5), Episode 00005, setp 075, Reward -30.7, Crashed,
2020-09-29 22:29:49,810 - INFO - Env 30, Goal (-07.2, -06.5), Episode 00005, setp 062, Reward -34.1, Crashed,
2020-09-29 22:29:49,810 - INFO - Env 31, Goal (-10.2, -04.3), Episode 00005, setp 201, Reward -30.0, Time out,
2020-09-29 22:29:51,855 - INFO - Env 16, Goal (005.5, -02.5), Episode 00026, setp 001, Reward -30.0, Crashed,
2020-09-29 22:29:51,859 - INFO - Env 18, Goal (-00.5, -02.5), Episode 00026, setp 001, Reward -30.0, Crashed,
2020-09-29 22:29:51,861 - INFO - Env 15, Goal (003.5, -02.5), Episode 00026, setp 020, Reward -26.1, Crashed,
2020-09-29 22:29:51,871 - INFO - Env 17, Goal (-02.5, -02.5), Episode 00026, setp 001, Reward -30.0, Crashed,
2020-09-29 22:29:56,380 - INFO - Env 04, Goal (-12.5, 004.0), Episode 00010, setp 001, Reward -47.5, Crashed,
2020-09-29 22:29:56,380 - INFO - Env 00, Goal (-18.0, 011.5), Episode 00010, setp 063, Reward -28.4, Crashed,
2020-09-29 22:29:56,380 - INFO - Env 05, Goal (-12.5, 017.0), Episode 00010, setp 120, Reward -32.3, Crashed,
2020-09-29 22:29:56,380 - INFO - Env 01, Goal (-18.0, 009.5), Episode 00010, setp 028, Reward -37.3, Crashed,
2020-09-29 22:29:56,387 - INFO - Env 02, Goal (-07.0, 011.5), Episode 00010, setp 001, Reward -42.5, Crashed,
2020-09-29 22:29:56,399 - INFO - Env 03, Goal (-07.0, 009.5), Episode 00010, setp 021, Reward -39.8, Crashed,
2020-09-29 22:29:56,871 - INFO - Env 06, Goal (-02.0, 003.0), Episode 00027, setp 013, Reward -44.0, Crashed,
2020-09-29 22:29:56,873 - INFO - Env 09, Goal (005.0, 003.0), Episode 00027, setp 021, Reward -42.9, Crashed,
2020-09-29 22:29:56,873 - INFO - Env 08, Goal (003.0, 003.0), Episode 00027, setp 068, Reward -33.5, Crashed,
2020-09-29 22:29:56,878 - INFO - Env 07, Goal (000.0, 003.0), Episode 00027, setp 001, Reward -47.5, Crashed,
2020-09-29 22:29:59,671 - INFO - Env 20, Goal (-00.5, -05.5), Episode 00016, setp 040, Reward -41.9, Crashed,
2020-09-29 22:29:59,671 - INFO - Env 21, Goal (001.5, -05.5), Episode 00016, setp 044, Reward -41.3, Crashed,
2020-09-29 22:29:59,679 - INFO - Env 19, Goal (-02.5, -05.5), Episode 00016, setp 059, Reward -35.6, Crashed,
2020-09-29 22:29:59,685 - INFO - Env 22, Goal (003.5, -05.5), Episode 00016, setp 029, Reward -41.9, Crashed,
2020-09-29 22:29:59,685 - INFO - Env 23, Goal (005.5, -05.5), Episode 00016, setp 142, Reward -22.8, Crashed,
2020-09-29 22:30:05,333 - INFO - Env 08, Goal (003.0, 003.0), Episode 00028, setp 001, Reward -47.5, Crashed,
2020-09-29 22:30:05,344 - INFO - Env 09, Goal (005.0, 003.0), Episode 00028, setp 001, Reward -47.5, Crashed,
2020-09-29 22:30:05,345 - INFO - Env 06, Goal (-02.0, 003.0), Episode 00028, setp 001, Reward -47.5, Crashed,
2020-09-29 22:30:05,357 - INFO - Env 07, Goal (000.0, 003.0), Episode 00028, setp 030, Reward -42.8, Crashed,
2020-09-29 22:30:07,392 - INFO - Env 16, Goal (005.5, -02.5), Episode 00027, setp 029, Reward -26.0, Crashed,
2020-09-29 22:30:07,393 - INFO - Env 18, Goal (-00.5, -02.5), Episode 00027, setp 042, Reward -21.8, Crashed,
2020-09-29 22:30:07,394 - INFO - Env 17, Goal (-02.5, -02.5), Episode 00027, setp 029, Reward -25.4, Crashed,
2020-09-29 22:30:07,417 - INFO - Env 15, Goal (003.5, -02.5), Episode 00027, setp 056, Reward -20.7, Crashed,
2020-09-29 22:30:24,030 - INFO - Env 04, Goal (-12.5, 004.0), Episode 00011, setp 077, Reward -32.5, Crashed,
2020-09-29 22:30:24,030 - INFO - Env 01, Goal (-18.0, 009.5), Episode 00011, setp 001, Reward -42.5, Crashed,
2020-09-29 22:30:24,030 - INFO - Env 00, Goal (-18.0, 011.5), Episode 00011, setp 093, Reward -27.3, Crashed,
2020-09-29 22:30:24,039 - INFO - Env 05, Goal (-12.5, 017.0), Episode 00011, setp 001, Reward -47.5, Crashed,
2020-09-29 22:30:24,055 - INFO - Env 02, Goal (-07.0, 011.5), Episode 00011, setp 067, Reward -32.8, Crashed,
2020-09-29 22:30:24,071 - INFO - Env 03, Goal (-07.0, 009.5), Episode 00011, setp 001, Reward -42.5, Crashed,
2020-09-29 22:30:24,329 - INFO - Env 08, Goal (003.0, 003.0), Episode 00029, setp 062, Reward -46.5, Crashed,
2020-09-29 22:30:24,332 - INFO - Env 09, Goal (005.0, 003.0), Episode 00029, setp 029, Reward -46.3, Crashed,
2020-09-29 22:30:24,335 - INFO - Env 06, Goal (-02.0, 003.0), Episode 00029, setp 026, Reward -42.7, Crashed,
2020-09-29 22:30:24,340 - INFO - Env 07, Goal (000.0, 003.0), Episode 00029, setp 001, Reward -47.5, Crashed,
2020-09-29 22:30:25,939 - INFO - Env 17, Goal (-02.5, -02.5), Episode 00028, setp 001, Reward -30.0, Crashed,
2020-09-29 22:30:25,939 - INFO - Env 16, Goal (005.5, -02.5), Episode 00028, setp 051, Reward -21.5, Crashed,
2020-09-29 22:30:25,940 - INFO - Env 18, Goal (-00.5, -02.5), Episode 00028, setp 028, Reward -26.5, Crashed,
2020-09-29 22:30:25,952 - INFO - Env 15, Goal (003.5, -02.5), Episode 00028, setp 059, Reward -18.2, Crashed,
2020-09-29 22:30:27,145 - INFO - Env 42, Goal (016.1, -02.4), Episode 00009, setp 001, Reward -53.2, Crashed,
2020-09-29 22:30:27,145 - INFO - Env 40, Goal (011.5, -17.3), Episode 00009, setp 002, Reward -50.5, Crashed,
2020-09-29 22:30:27,147 - INFO - Env 41, Goal (014.1, -02.1), Episode 00009, setp 201, Reward -38.9, Time out,
2020-09-29 22:30:27,151 - INFO - Env 36, Goal (009.3, -17.4), Episode 00009, setp 002, Reward -39.2, Crashed,
2020-09-29 22:30:27,151 - INFO - Env 37, Goal (010.0, -14.9), Episode 00009, setp 001, Reward -38.3, Crashed,
2020-09-29 22:30:27,151 - INFO - Env 34, Goal (010.7, -13.3), Episode 00009, setp 145, Reward -22.3, Crashed,
2020-09-29 22:30:27,160 - INFO - Env 38, Goal (011.3, -18.1), Episode 00009, setp 037, Reward -34.9, Crashed,
2020-09-29 22:30:27,165 - INFO - Env 43, Goal (013.7, -18.3), Episode 00009, setp 002, Reward -51.6, Crashed,
2020-09-29 22:30:27,167 - INFO - Env 35, Goal (013.8, -01.5), Episode 00009, setp 079, Reward -39.7, Crashed,
2020-09-29 22:30:27,183 - INFO - Env 39, Goal (015.6, -16.6), Episode 00009, setp 059, Reward -40.8, Crashed,
2020-09-29 22:30:30,845 - INFO - Env 11, Goal (012.0, 010.0), Episode 00020, setp 001, Reward -30.0, Crashed,
2020-09-29 22:30:30,845 - INFO - Env 10, Goal (010.0, 010.0), Episode 00020, setp 144, Reward -33.0, Crashed,
2020-09-29 22:30:30,852 - INFO - Env 12, Goal (014.0, 010.0), Episode 00020, setp 073, Reward 13.1 , Reach Goal,
2020-09-29 22:30:30,867 - INFO - Env 13, Goal (016.0, 010.0), Episode 00020, setp 046, Reward -23.8, Crashed,
2020-09-29 22:30:30,871 - INFO - Env 14, Goal (018.0, 010.0), Episode 00020, setp 001, Reward -30.0, Crashed,
2020-09-29 22:30:31,732 - INFO - Env 19, Goal (-02.5, -05.5), Episode 00017, setp 037, Reward -41.7, Crashed,
2020-09-29 22:30:31,738 - INFO - Env 20, Goal (-00.5, -05.5), Episode 00017, setp 001, Reward -47.5, Crashed,
2020-09-29 22:30:31,743 - INFO - Env 21, Goal (001.5, -05.5), Episode 00017, setp 108, Reward -40.3, Crashed,
2020-09-29 22:30:31,747 - INFO - Env 22, Goal (003.5, -05.5), Episode 00017, setp 001, Reward -47.5, Crashed,
2020-09-29 22:30:31,748 - INFO - Env 23, Goal (005.5, -05.5), Episode 00017, setp 001, Reward -47.5, Crashed,
2020-09-29 22:30:32,068 - INFO - Env 07, Goal (000.0, 003.0), Episode 00030, setp 027, Reward -42.1, Crashed,
2020-09-29 22:30:32,068 - INFO - Env 06, Goal (-02.0, 003.0), Episode 00030, setp 001, Reward -47.5, Crashed,
2020-09-29 22:30:32,074 - INFO - Env 08, Goal (003.0, 003.0), Episode 00030, setp 001, Reward -47.5, Crashed,
2020-09-29 22:30:32,116 - INFO - Env 09, Goal (005.0, 003.0), Episode 00030, setp 001, Reward -47.5, Crashed,
2020-09-29 22:30:40,330 - INFO - Env 12, Goal (014.0, 010.0), Episode 00021, setp 034, Reward -24.8, Crashed,
2020-09-29 22:30:40,330 - INFO - Env 13, Goal (016.0, 010.0), Episode 00021, setp 035, Reward -25.3, Crashed,
2020-09-29 22:30:40,336 - INFO - Env 10, Goal (010.0, 010.0), Episode 00021, setp 016, Reward -26.5, Crashed,
2020-09-29 22:30:40,339 - INFO - Env 11, Goal (012.0, 010.0), Episode 00021, setp 023, Reward -28.0, Crashed,
2020-09-29 22:30:40,340 - INFO - Env 14, Goal (018.0, 010.0), Episode 00021, setp 023, Reward -23.2, Crashed,
2020-09-29 22:30:42,702 - INFO - Env 15, Goal (003.5, -02.5), Episode 00029, setp 059, Reward -22.0, Crashed,
2020-09-29 22:30:42,716 - INFO - Env 16, Goal (005.5, -02.5), Episode 00029, setp 061, Reward -18.5, Crashed,
2020-09-29 22:30:42,716 - INFO - Env 18, Goal (-00.5, -02.5), Episode 00029, setp 001, Reward -30.0, Crashed,
2020-09-29 22:30:42,727 - INFO - Env 17, Goal (-02.5, -02.5), Episode 00029, setp 027, Reward -26.5, Crashed,
2020-09-29 22:30:47,607 - INFO - Env 24, Goal (-18.0, -10.0), Episode 00006, setp 001, Reward -45.0, Crashed,
2020-09-29 22:30:47,610 - INFO - Env 26, Goal (-13.8, -15.7), Episode 00006, setp 001, Reward -45.0, Crashed,
2020-09-29 22:30:47,610 - INFO - Env 27, Goal (-10.2, -15.7), Episode 00006, setp 001, Reward -45.0, Crashed,
2020-09-29 22:30:47,608 - INFO - Env 25, Goal (-16.9, -13.5), Episode 00006, setp 001, Reward -45.0, Crashed,
2020-09-29 22:30:47,621 - INFO - Env 31, Goal (-10.2, -04.3), Episode 00006, setp 201, Reward -30.0, Time out,
2020-09-29 22:30:47,621 - INFO - Env 28, Goal (-07.2, -13.5), Episode 00006, setp 001, Reward -45.0, Crashed,
2020-09-29 22:30:47,621 - INFO - Env 30, Goal (-07.2, -06.5), Episode 00006, setp 001, Reward -45.0, Crashed,
2020-09-29 22:30:47,624 - INFO - Env 32, Goal (-13.8, -04.3), Episode 00006, setp 048, Reward -43.2, Crashed,
2020-09-29 22:30:47,631 - INFO - Env 33, Goal (-16.9, -06.5), Episode 00006, setp 125, Reward -30.7, Crashed,
2020-09-29 22:30:47,636 - INFO - Env 29, Goal (-06.0, -10.0), Episode 00006, setp 151, Reward -43.9, Crashed,
2020-09-29 22:30:49,034 - INFO - Env 12, Goal (014.0, 010.0), Episode 00022, setp 001, Reward -30.0, Crashed,
2020-09-29 22:30:49,035 - INFO - Env 10, Goal (010.0, 010.0), Episode 00022, setp 030, Reward -23.3, Crashed,
2020-09-29 22:30:49,038 - INFO - Env 14, Goal (018.0, 010.0), Episode 00022, setp 001, Reward -30.0, Crashed,
2020-09-29 22:30:49,042 - INFO - Env 13, Goal (016.0, 010.0), Episode 00022, setp 001, Reward -30.0, Crashed,
2020-09-29 22:30:49,043 - INFO - Env 11, Goal (012.0, 010.0), Episode 00022, setp 028, Reward -24.7, Crashed,
2020-09-29 22:30:52,784 - INFO - Env 17, Goal (-02.5, -02.5), Episode 00030, setp 001, Reward -30.0, Crashed,
2020-09-29 22:30:52,783 - INFO - Env 16, Goal (005.5, -02.5), Episode 00030, setp 001, Reward -30.0, Crashed,
2020-09-29 22:30:52,784 - INFO - Env 15, Goal (003.5, -02.5), Episode 00030, setp 001, Reward -30.0, Crashed,
2020-09-29 22:30:52,788 - INFO - Env 34, Goal (011.6, -14.6), Episode 00010, setp 001, Reward -42.7, Crashed,
2020-09-29 22:30:52,788 - INFO - Env 36, Goal (015.6, -02.6), Episode 00010, setp 001, Reward -53.1, Crashed,
2020-09-29 22:30:52,788 - INFO - Env 35, Goal (015.1, -04.2), Episode 00010, setp 034, Reward -47.8, Crashed,
2020-09-29 22:30:52,791 - INFO - Env 18, Goal (-00.5, -02.5), Episode 00030, setp 035, Reward -26.1, Crashed,
2020-09-29 22:30:52,791 - INFO - Env 38, Goal (018.5, -18.6), Episode 00010, setp 091, Reward -46.5, Crashed,
2020-09-29 22:30:52,791 - INFO - Env 39, Goal (017.5, -14.7), Episode 00010, setp 029, Reward -27.0, Crashed,
2020-09-29 22:30:52,795 - INFO - Env 43, Goal (010.5, -04.3), Episode 00010, setp 001, Reward -48.4, Crashed,
2020-09-29 22:30:52,795 - INFO - Env 42, Goal (010.6, -14.5), Episode 00010, setp 005, Reward -47.9, Crashed,
2020-09-29 22:30:52,795 - INFO - Env 40, Goal (014.9, -04.1), Episode 00010, setp 001, Reward -43.1, Crashed,
2020-09-29 22:30:52,800 - INFO - Env 37, Goal (010.5, -02.6), Episode 00010, setp 001, Reward -49.6, Crashed,
2020-09-29 22:30:52,818 - INFO - Env 41, Goal (015.7, -18.8), Episode 00010, setp 061, Reward -46.5, Crashed,
2020-09-29 22:31:06,799 - INFO - Env 16, Goal (005.5, -02.5), Episode 00031, setp 021, Reward -25.5, Crashed,
2020-09-29 22:31:06,803 - INFO - Env 17, Goal (-02.5, -02.5), Episode 00031, setp 023, Reward -25.6, Crashed,
2020-09-29 22:31:06,824 - INFO - Env 18, Goal (-00.5, -02.5), Episode 00031, setp 020, Reward -27.6, Crashed,
2020-09-29 22:31:06,828 - INFO - Env 15, Goal (003.5, -02.5), Episode 00031, setp 045, Reward -22.0, Crashed,
2020-09-29 22:31:07,530 - INFO - Env 04, Goal (-12.5, 004.0), Episode 00012, setp 001, Reward -47.5, Crashed,
2020-09-29 22:31:07,530 - INFO - Env 02, Goal (-07.0, 011.5), Episode 00012, setp 078, Reward -38.2, Crashed,
2020-09-29 22:31:07,530 - INFO - Env 00, Goal (-18.0, 011.5), Episode 00012, setp 149, Reward 13.6 , Reach Goal,
2020-09-29 22:31:07,540 - INFO - Env 03, Goal (-07.0, 009.5), Episode 00012, setp 085, Reward -28.5, Crashed,
2020-09-29 22:31:07,544 - INFO - Env 05, Goal (-12.5, 017.0), Episode 00012, setp 068, Reward -32.4, Crashed,
2020-09-29 22:31:07,551 - INFO - Env 01, Goal (-18.0, 009.5), Episode 00012, setp 077, Reward -27.0, Crashed,
2020-09-29 22:31:08,108 - INFO - Env 12, Goal (014.0, 010.0), Episode 00023, setp 061, Reward -23.5, Crashed,
2020-09-29 22:31:08,111 - INFO - Env 14, Goal (018.0, 010.0), Episode 00023, setp 044, Reward -23.4, Crashed,
2020-09-29 22:31:08,112 - INFO - Env 10, Goal (010.0, 010.0), Episode 00023, setp 032, Reward -23.3, Crashed,
2020-09-29 22:31:08,118 - INFO - Env 11, Goal (012.0, 010.0), Episode 00023, setp 062, Reward -26.9, Crashed,
2020-09-29 22:31:08,132 - INFO - Env 13, Goal (016.0, 010.0), Episode 00023, setp 038, Reward -23.2, Crashed,
2020-09-29 22:31:11,733 - INFO - Env 22, Goal (003.5, -05.5), Episode 00018, setp 084, Reward -34.3, Crashed,
2020-09-29 22:31:11,733 - INFO - Env 21, Goal (001.5, -05.5), Episode 00018, setp 001, Reward -47.5, Crashed,
2020-09-29 22:31:11,733 - INFO - Env 20, Goal (-00.5, -05.5), Episode 00018, setp 137, Reward -34.7, Crashed,
2020-09-29 22:31:11,733 - INFO - Env 23, Goal (005.5, -05.5), Episode 00018, setp 020, Reward -41.0, Crashed,
2020-09-29 22:31:11,751 - INFO - Env 19, Goal (-02.5, -05.5), Episode 00018, setp 010, Reward -42.0, Crashed,
2020-09-29 22:31:18,259 - INFO - Env 17, Goal (-02.5, -02.5), Episode 00032, setp 041, Reward -21.6, Crashed,
2020-09-29 22:31:18,259 - INFO - Env 16, Goal (005.5, -02.5), Episode 00032, setp 001, Reward -30.0, Crashed,
2020-09-29 22:31:18,262 - INFO - Env 18, Goal (-00.5, -02.5), Episode 00032, setp 034, Reward -21.8, Crashed,
2020-09-29 22:31:18,281 - INFO - Env 15, Goal (003.5, -02.5), Episode 00032, setp 001, Reward -30.0, Crashed,
2020-09-29 22:31:22,839 - INFO - Env 12, Goal (014.0, 010.0), Episode 00024, setp 001, Reward -30.0, Crashed,
2020-09-29 22:31:22,839 - INFO - Env 14, Goal (018.0, 010.0), Episode 00024, setp 029, Reward -23.5, Crashed,
2020-09-29 22:31:22,839 - INFO - Env 13, Goal (016.0, 010.0), Episode 00024, setp 001, Reward -30.0, Crashed,
2020-09-29 22:31:22,847 - INFO - Env 11, Goal (012.0, 010.0), Episode 00024, setp 040, Reward -23.8, Crashed,
2020-09-29 22:31:22,847 - INFO - Env 10, Goal (010.0, 010.0), Episode 00024, setp 054, Reward -24.6, Crashed,
2020-09-29 22:31:25,066 - INFO - Env 35, Goal (012.4, -16.6), Episode 00011, setp 002, Reward -48.1, Crashed,
2020-09-29 22:31:25,066 - INFO - Env 34, Goal (009.3, -03.7), Episode 00011, setp 069, Reward -48.8, Crashed,
2020-09-29 22:31:25,068 - INFO - Env 36, Goal (017.0, -18.4), Episode 00011, setp 111, Reward -54.1, Crashed,
2020-09-29 22:31:25,068 - INFO - Env 37, Goal (013.9, -02.5), Episode 00011, setp 012, Reward -58.9, Crashed,
2020-09-29 22:31:25,070 - INFO - Env 38, Goal (016.2, -02.2), Episode 00011, setp 001, Reward -49.1, Crashed,
2020-09-29 22:31:25,074 - INFO - Env 39, Goal (017.2, -17.7), Episode 00011, setp 001, Reward -50.8, Crashed,
2020-09-29 22:31:25,079 - INFO - Env 40, Goal (010.5, -16.4), Episode 00011, setp 068, Reward -43.2, Crashed,
2020-09-29 22:31:25,079 - INFO - Env 41, Goal (009.2, -01.4), Episode 00011, setp 094, Reward -52.9, Crashed,
2020-09-29 22:31:25,091 - INFO - Env 42, Goal (013.9, -04.0), Episode 00011, setp 001, Reward -48.1, Crashed,
2020-09-29 22:31:25,099 - INFO - Env 43, Goal (017.4, -17.9), Episode 00011, setp 002, Reward -49.7, Crashed,
2020-09-29 22:31:25,905 - INFO - Env 06, Goal (-02.0, 003.0), Episode 00031, setp 015, Reward -42.6, Crashed,
2020-09-29 22:31:25,910 - INFO - Env 07, Goal (000.0, 003.0), Episode 00031, setp 187, Reward -18.3, Crashed,
2020-09-29 22:31:25,915 - INFO - Env 08, Goal (003.0, 003.0), Episode 00031, setp 020, Reward -42.9, Crashed,
2020-09-29 22:31:25,923 - INFO - Env 09, Goal (005.0, 003.0), Episode 00031, setp 023, Reward -42.7, Crashed,
2020-09-29 22:31:27,171 - INFO - Env 08, Goal (003.0, 003.0), Episode 00032, setp 001, Reward -47.5, Crashed,
2020-09-29 22:31:27,182 - INFO - Env 09, Goal (005.0, 003.0), Episode 00032, setp 001, Reward -47.5, Crashed,
2020-09-29 22:31:27,192 - INFO - Env 06, Goal (-02.0, 003.0), Episode 00032, setp 001, Reward -47.5, Crashed,
2020-09-29 22:31:27,195 - INFO - Env 07, Goal (000.0, 003.0), Episode 00032, setp 001, Reward -47.5, Crashed,
