-0.661714196205, 28.2611064911, 2.83787703514
-0.622300803661, 41.6162986755, 2.83777713776
-0.613838136196, 36.8159980774, 2.83767771721
-0.617582678795, 37.8199539185, 2.83762049675
-0.613544821739, 34.4525794983, 2.83754944801
-0.643572628498, 34.0555534363, 2.83748292923
-0.608752727509, 41.1061096191, 2.83742284775
-0.616454601288, 35.1460647583, 2.83735752106
-0.639703512192, 35.3636283875, 2.83728837967
-0.674870073795, 29.2213230133, 2.83723640442
-0.603846669197, 37.8434944153, 2.83718371391
-0.629067420959, 35.7643814087, 2.83712339401
-0.668336391449, 28.4502296448, 2.83705806732
-0.628994345665, 35.7670211792, 2.83698797226
-0.605558991432, 38.6059494019, 2.83691120148
-0.665530800819, 33.0922546387, 2.83683609962
-0.612148940563, 34.7580108643, 2.83678388596
-0.605985164642, 37.2730026245, 2.83672499657
-0.618852615356, 38.1048240662, 2.83666706085
-0.635146439075, 33.2982597351, 2.83660936356
-0.666049957275, 26.0668430328, 2.83655190468
-0.6293810606, 38.7912979126, 2.83649682999
-0.645776391029, 32.4532203674, 2.83644199371
-0.599200427532, 34.3454589844, 2.83639454842
-0.87019610405, 54.2594642639, 2.83634161949
-0.901202380657, 42.7719612122, 2.83630824089
-0.879292905331, 55.2684326172, 2.83627176285
-0.882852733135, 45.6076812744, 2.83623433113
-0.861235797405, 50.707862854, 2.83619618416
-0.89657330513, 44.6052856445, 2.83615970612
-0.887030661106, 49.44688797, 2.83611989021
-0.89340364933, 53.002456665, 2.83608794212
-0.901943325996, 43.0520820618, 2.83606290817
-0.886557102203, 42.5596466064, 2.83604001999
-0.874270796776, 55.2952804565, 2.83600926399
-0.874911904335, 52.502117157, 2.835978508
-0.884353101254, 43.7981796265, 2.83595204353
-0.891882658005, 50.7854156494, 2.83593225479
-0.885928988457, 46.9264411926, 2.8359003067
-0.897266805172, 33.3332328796, 2.83585786819
-0.951625704765, 55.7147789001, 2.83580851555
-0.975412249565, 44.9707756042, 2.83575534821
-0.980354487896, 39.0428352356, 2.83570933342
-0.967783808708, 40.6291847229, 2.83567762375
-0.979285657406, 44.0670471191, 2.83565354347
-0.980429530144, 42.9253387451, 2.83562850952
-0.958902001381, 41.7850074768, 2.83560943604
-0.970200777054, 42.4826011658, 2.83559989929
-0.995819211006, 37.0027008057, 2.83559060097
-0.956575632095, 45.6722640991, 2.8355846405
-1.00364208221, 33.7874755859, 2.8355717659
-0.964750289917, 41.7645988464, 2.83555698395
-0.809242904186, 37.5681419373, 2.83553791046
-0.800945162773, 48.4526786804, 2.83551836014
-0.807601571083, 44.7537384033, 2.83549499512
-0.837895810604, 25.1584777832, 2.83548116684
-0.804896712303, 42.4522209167, 2.83546161652
-0.817595481873, 27.3147068024, 2.83544921875
-0.799809217453, 40.7338981628, 2.83545207977
-0.823965907097, 33.1604690552, 2.8354511261
-0.818197607994, 38.563621521, 2.83545446396
-0.809484958649, 51.5995864868, 2.83544540405
-0.826630711555, 35.2893753052, 2.83543848991
-0.823068141937, 37.0432624817, 2.83542847633
-0.784070611, 45.3274993896, 2.83542013168
-0.811102628708, 32.2206878662, 2.83541727066
-0.821142196655, 36.2154693604, 2.83541488647
-0.81638520956, 42.1832962036, 2.83541250229
-0.804431855679, 35.7836112976, 2.83539700508
-0.804081678391, 36.0665893555, 2.83538150787
-0.81112074852, 30.4712486267, 2.83536243439
-0.832725763321, 35.8215370178, 2.83534193039
-0.739625394344, 39.4538421631, 2.83534026146
-0.722546100616, 39.9301681519, 2.83533358574
-0.747763633728, 29.5730476379, 2.83532810211
-0.729240953922, 41.3803672791, 2.83533000946
-0.732986271381, 32.8794670105, 2.83531785011
-0.73169618845, 34.5772743225, 2.8353061676
-0.727213025093, 36.0238952637, 2.83529376984
-0.745799064636, 33.4967193604, 2.83528709412
-0.746048867702, 22.6744098663, 2.8352663517
-0.721328616142, 46.8708267212, 2.83524847031
-0.733303487301, 33.1314964294, 2.83522415161
-0.718635797501, 35.1866226196, 2.8351995945
-0.760156989098, 24.3929805756, 2.83517813683
-0.744016230106, 32.0328025818, 2.83515954018
-0.729422450066, 35.8791923523, 2.83513665199
-0.723563492298, 30.8321170807, 2.83510541916
-0.740370750427, 37.9757080078, 2.83507442474
-0.700190663338, 32.6289749146, 2.83505249023
-0.746749043465, 33.6816558838, 2.83502101898
-0.764799833298, 21.8650341034, 2.83498716354
-0.774199724197, 24.0942344666, 2.83494567871
-0.787671029568, 23.2714252472, 2.83490467072
-0.779516756535, 23.3797912598, 2.83486270905
-0.762512326241, 23.0078525543, 2.8348300457
-0.768110156059, 23.4320526123, 2.83480501175
-0.785148382187, 23.4406433105, 2.83477520943
-0.776203334332, 21.6014022827, 2.83474588394
-0.788240849972, 23.0164756775, 2.83471918106
-0.780240774155, 23.7074069977, 2.8347029686
-0.777803242207, 17.2429695129, 2.83469009399
-0.779721736908, 24.8167819977, 2.83467698097
-0.773935854435, 26.2591743469, 2.83464765549
-0.773965716362, 20.2530021667, 2.83461713791
-0.78683757782, 18.9947967529, 2.83458042145
-0.759771585464, 30.9442501068, 2.83454418182
-0.784453988075, 21.2576541901, 2.83450841904
-0.907418847084, 30.8178253174, 2.83447408676
-0.89390450716, 29.4644184113, 2.83444070816
-0.920979261398, 22.6952438354, 2.8344142437
-0.915677189827, 26.6952590942, 2.83438873291
-0.909826636314, 23.679857254, 2.83436727524
-0.894810020924, 32.4623641968, 2.83434677124
-0.903321266174, 27.5136833191, 2.8343167305
-0.908311247826, 30.5142307281, 2.83430194855
-0.913603425026, 20.9925003052, 2.83428287506
-0.920732498169, 24.0392055511, 2.83425569534
-0.896638393402, 30.8724822998, 2.83422350883
-0.905847251415, 29.5741348267, 2.83419704437
-0.905371665955, 31.3147468567, 2.8341653347
-0.927651643753, 18.0465106964, 2.83413624763
-0.882748007774, 40.903339386, 2.83409643173
-0.91741502285, 16.0853404999, 2.83405780792
-0.919392228127, 14.5592689514, 2.83401536942
-0.898287892342, 42.2057800293, 2.83396267891
-0.903852760792, 20.9689369202, 2.83391094208
-0.914625167847, 23.039106369, 2.83386492729
-0.907804489136, 27.4662704468, 2.83381962776
-0.902967214584, 25.3965644836, 2.83378434181
-0.904535353184, 27.9261474609, 2.83375382423
-0.908257007599, 28.343132019, 2.83371376991
-0.904550671577, 24.0446052551, 2.83366131783
-0.926229476929, 17.0503387451, 2.8336186409
-0.897664904594, 31.7425460815, 2.83357262611
-0.907825350761, 35.8283653259, 2.83352160454
-0.716481685638, 20.0320682526, 2.83346176147
-0.712164700031, 17.6423606873, 2.83340620995
-0.706825375557, 19.3754024506, 2.83335733414
-0.708147406578, 17.5878810883, 2.83331084251
-0.70861852169, 19.6527252197, 2.83326768875
-0.697464704514, 26.6833629608, 2.83323168755
-0.712152123451, 21.620174408, 2.83319687843
-0.713860750198, 17.9981594086, 2.83316278458
-0.702312350273, 23.0543651581, 2.83313846588
-0.716419458389, 21.2199859619, 2.83310437202
-0.717800498009, 15.3176651001, 2.8330783844
-0.70450425148, 18.6449890137, 2.83306002617
-0.69946628809, 29.3751564026, 2.83305001259
-0.718306303024, 13.0305042267, 2.8330450058
-0.715389728546, 16.8041114807, 2.83303070068
-0.702795267105, 20.2886962891, 2.83302569389
-0.765341997147, 19.4667358398, 2.83302307129
-0.741099655628, 19.2392616272, 2.83302688599
-0.771044135094, 16.1451702118, 2.83302474022
-0.767231822014, 17.6300506592, 2.83302044868
-0.768502533436, 17.0459747314, 2.83301782608
-0.746641516685, 18.1070804596, 2.83301353455
-0.765563964844, 18.4072818756, 2.83300590515
-0.744250774384, 15.4238824844, 2.83300161362
-0.748920440674, 23.2048530579, 2.83299636841
-0.772107541561, 15.6548213959, 2.8329873085
-0.743710637093, 17.1263408661, 2.83296322823
-0.751695394516, 17.9871520996, 2.83294272423
-0.830109059811, 30.5903053284, 2.8329269886
-0.829188883305, 30.3184585571, 2.83291530609
-0.833246767521, 28.4779872894, 2.83290672302
-0.831637501717, 29.2282009125, 2.83290624619
-0.831889867783, 28.8111915588, 2.83290314674
-0.836716651917, 29.2517528534, 2.83291053772
-0.828630983829, 34.0344810486, 2.83289957047
-0.838775277138, 23.4403324127, 2.83289694786
-0.816138625145, 40.0531616211, 2.83289813995
-0.826186835766, 33.258682251, 2.83289194107
-0.849425435066, 24.2294330597, 2.83289051056
-0.837820053101, 28.9906082153, 2.83288764954
-0.635545194149, 13.6569633484, 2.83287215233
-0.592026114464, 35.3485946655, 2.83286333084
-0.62285220623, 26.5543289185, 2.83285737038
-0.609723448753, 16.6391563416, 2.83284759521
-0.603975057602, 19.689994812, 2.83284974098
-0.60972070694, 21.7240753174, 2.83284711838
-0.620682477951, 23.532869339, 2.83284473419
-0.605913758278, 31.3736991882, 2.83284878731
-0.639320254326, 16.2718544006, 2.83285570145
-0.605112969875, 26.4992179871, 2.83286499977
-0.611456692219, 23.2608547211, 2.8328742981
-0.607678949833, 30.670009613, 2.83288669586
-0.589354872704, 31.7722663879, 2.83289766312
-0.629910230637, 20.0475654602, 2.83291268349
-0.611960470676, 21.2978630066, 2.83291435242
-0.629295766354, 27.4331302643, 2.83291435242
